2023-05-22 21:23:16.777 INFO  [main] c.r.s.HospitalManagementApplication - Starting HospitalManagementApplication using Java 17.0.6 on LAPTOP-5IVJGTKS with PID 17412 (C:\Users\Ruheena Zainab L\Downloads\PROJECT\HospitalManagement\target\classes started by Ruheena Zainab L in C:\Users\Ruheena Zainab L\Downloads\PROJECT\HospitalManagement)
2023-05-22 21:23:16.787 INFO  [main] c.r.s.HospitalManagementApplication - No active profile set, falling back to default profiles: default
2023-05-22 21:23:18.270 INFO  [main] o.s.d.r.c.RepositoryConfigurationDelegate - Bootstrapping Spring Data JPA repositories in DEFAULT mode.
2023-05-22 21:23:18.565 INFO  [main] o.s.d.r.c.RepositoryConfigurationDelegate - Finished Spring Data repository scanning in 280 ms. Found 3 JPA repository interfaces.
2023-05-22 21:23:19.157 INFO  [main] o.s.c.context.scope.GenericScope - BeanFactory id=6792b3c8-e756-348d-816f-6d6e354813f2
2023-05-22 21:23:20.273 INFO  [main] o.s.b.w.e.tomcat.TomcatWebServer - Tomcat initialized with port(s): 9002 (http)
2023-05-22 21:23:20.296 INFO  [main] o.a.coyote.http11.Http11NioProtocol - Initializing ProtocolHandler ["http-nio-9002"]
2023-05-22 21:23:20.297 INFO  [main] o.a.catalina.core.StandardService - Starting service [Tomcat]
2023-05-22 21:23:20.297 INFO  [main] o.a.catalina.core.StandardEngine - Starting Servlet engine: [Apache Tomcat/9.0.43]
2023-05-22 21:23:20.450 INFO  [main] o.a.c.c.C.[Tomcat].[localhost].[/] - Initializing Spring embedded WebApplicationContext
2023-05-22 21:23:20.450 INFO  [main] o.s.b.w.s.c.ServletWebServerApplicationContext - Root WebApplicationContext: initialization completed in 3568 ms
2023-05-22 21:23:22.362 INFO  [main] c.s.j.s.i.a.WebApplicationImpl - Initiating Jersey application, version 'Jersey: 1.19.4 05/24/2017 03:20 PM'
2023-05-22 21:23:22.449 INFO  [main] c.n.d.p.DiscoveryJerseyProvider - Using JSON encoding codec LegacyJacksonJson
2023-05-22 21:23:22.451 INFO  [main] c.n.d.p.DiscoveryJerseyProvider - Using JSON decoding codec LegacyJacksonJson
2023-05-22 21:23:22.703 INFO  [main] c.n.d.p.DiscoveryJerseyProvider - Using XML encoding codec XStreamXml
2023-05-22 21:23:22.704 INFO  [main] c.n.d.p.DiscoveryJerseyProvider - Using XML decoding codec XStreamXml
2023-05-22 21:23:23.321 INFO  [main] o.h.jpa.internal.util.LogHelper - HHH000204: Processing PersistenceUnitInfo [name: default]
2023-05-22 21:23:23.448 INFO  [main] org.hibernate.Version - HHH000412: Hibernate ORM core version 5.4.28.Final
2023-05-22 21:23:23.683 INFO  [main] o.h.annotations.common.Version - HCANN000001: Hibernate Commons Annotations {5.1.2.Final}
2023-05-22 21:23:23.868 INFO  [main] com.zaxxer.hikari.HikariDataSource - HikariPool-1 - Starting...
2023-05-22 21:23:24.419 INFO  [main] com.zaxxer.hikari.HikariDataSource - HikariPool-1 - Start completed.
2023-05-22 21:23:24.529 INFO  [main] org.hibernate.dialect.Dialect - HHH000400: Using dialect: org.hibernate.dialect.MySQL8Dialect
2023-05-22 21:23:25.676 INFO  [main] o.h.e.t.j.p.i.JtaPlatformInitiator - HHH000490: Using JtaPlatform implementation: [org.hibernate.engine.transaction.jta.platform.internal.NoJtaPlatform]
2023-05-22 21:23:25.688 INFO  [main] o.s.o.j.LocalContainerEntityManagerFactoryBean - Initialized JPA EntityManagerFactory for persistence unit 'default'
2023-05-22 21:23:26.772 INFO  [main] o.s.s.c.ThreadPoolTaskExecutor - Initializing ExecutorService 'applicationTaskExecutor'
2023-05-22 21:23:27.735 INFO  [main] o.s.c.n.e.c.DiscoveryClientOptionalArgsConfiguration - Eureka HTTP Client uses Jersey
2023-05-22 21:23:28.101 INFO  [main] o.s.c.n.eureka.InstanceInfoFactory - Setting initial instance status as: STARTING
2023-05-22 21:23:28.161 INFO  [main] c.netflix.discovery.DiscoveryClient - Initializing Eureka in region us-east-1
2023-05-22 21:23:28.269 INFO  [main] c.n.d.p.DiscoveryJerseyProvider - Using JSON encoding codec LegacyJacksonJson
2023-05-22 21:23:28.269 INFO  [main] c.n.d.p.DiscoveryJerseyProvider - Using JSON decoding codec LegacyJacksonJson
2023-05-22 21:23:28.269 INFO  [main] c.n.d.p.DiscoveryJerseyProvider - Using XML encoding codec XStreamXml
2023-05-22 21:23:28.270 INFO  [main] c.n.d.p.DiscoveryJerseyProvider - Using XML decoding codec XStreamXml
2023-05-22 21:23:28.372 INFO  [main] c.n.d.s.r.aws.ConfigClusterResolver - Resolving eureka endpoints via configuration
2023-05-22 21:23:28.404 INFO  [main] c.netflix.discovery.DiscoveryClient - Disable delta property : false
2023-05-22 21:23:28.404 INFO  [main] c.netflix.discovery.DiscoveryClient - Single vip registry refresh property : null
2023-05-22 21:23:28.404 INFO  [main] c.netflix.discovery.DiscoveryClient - Force full registry fetch : false
2023-05-22 21:23:28.404 INFO  [main] c.netflix.discovery.DiscoveryClient - Application is null : false
2023-05-22 21:23:28.404 INFO  [main] c.netflix.discovery.DiscoveryClient - Registered Applications size is zero : true
2023-05-22 21:23:28.404 INFO  [main] c.netflix.discovery.DiscoveryClient - Application version is -1: true
2023-05-22 21:23:28.404 INFO  [main] c.netflix.discovery.DiscoveryClient - Getting all instance registry info from the eureka server
2023-05-22 21:23:28.679 INFO  [main] c.netflix.discovery.DiscoveryClient - The response status is 200
2023-05-22 21:23:28.685 INFO  [main] c.netflix.discovery.DiscoveryClient - Starting heartbeat executor: renew interval is: 30
2023-05-22 21:23:28.690 INFO  [main] c.n.d.InstanceInfoReplicator - InstanceInfoReplicator onDemand update allowed rate per min is 4
2023-05-22 21:23:28.697 INFO  [main] c.netflix.discovery.DiscoveryClient - Discovery Client initialized at timestamp 1684770808695 with initial instances count: 6
2023-05-22 21:23:28.763 INFO  [main] c.n.e.DefaultEurekaServerContext - Initializing ...
2023-05-22 21:23:28.765 INFO  [main] c.n.eureka.cluster.PeerEurekaNodes - Adding new peer nodes [http://localhost:8761/eureka/]
2023-05-22 21:23:28.769 INFO  [main] c.n.d.p.DiscoveryJerseyProvider - Using JSON encoding codec LegacyJacksonJson
2023-05-22 21:23:28.770 INFO  [main] c.n.d.p.DiscoveryJerseyProvider - Using JSON decoding codec LegacyJacksonJson
2023-05-22 21:23:28.770 INFO  [main] c.n.d.p.DiscoveryJerseyProvider - Using XML encoding codec XStreamXml
2023-05-22 21:23:28.770 INFO  [main] c.n.d.p.DiscoveryJerseyProvider - Using XML decoding codec XStreamXml
2023-05-22 21:23:28.852 INFO  [main] c.n.eureka.cluster.PeerEurekaNodes - Replica node URL:  http://localhost:8761/eureka/
2023-05-22 21:23:28.862 INFO  [main] c.n.e.r.AbstractInstanceRegistry - Finished initializing remote region registries. All known remote regions: []
2023-05-22 21:23:28.863 INFO  [main] c.n.e.DefaultEurekaServerContext - Initialized
2023-05-22 21:23:28.929 INFO  [main] o.s.b.a.e.web.EndpointLinksResolver - Exposing 2 endpoint(s) beneath base path '/actuator'
2023-05-22 21:23:29.045 INFO  [main] o.s.c.n.e.s.EurekaServiceRegistry - Registering application HOSPITAL-MANAGEMENT with eureka with status UP
2023-05-22 21:23:29.045 INFO  [main] c.netflix.discovery.DiscoveryClient - Saw local status change event StatusChangeEvent [timestamp=1684770809045, current=UP, previous=STARTING]
2023-05-22 21:23:29.050 INFO  [DiscoveryClient-InstanceInfoReplicator-0] c.netflix.discovery.DiscoveryClient - DiscoveryClient_HOSPITAL-MANAGEMENT/LAPTOP-5IVJGTKS:HOSPITAL-MANAGEMENT:9002: registering service...
2023-05-22 21:23:29.050 INFO  [main] o.a.coyote.http11.Http11NioProtocol - Starting ProtocolHandler ["http-nio-9002"]
2023-05-22 21:23:29.068 INFO  [Thread-10] o.s.c.n.e.s.EurekaServerBootstrap - isAws returned false
2023-05-22 21:23:29.069 INFO  [Thread-10] o.s.c.n.e.s.EurekaServerBootstrap - Initialized server context
2023-05-22 21:23:29.085 INFO  [Thread-10] c.n.e.r.AbstractInstanceRegistry - Registered instance API-GATEWAY/LAPTOP-5IVJGTKS:API-GATEWAY:9191 with status UP (replication=true)
2023-05-22 21:23:29.087 INFO  [Thread-10] c.n.e.r.AbstractInstanceRegistry - Registered instance BILLING-MANAGEMENT/LAPTOP-5IVJGTKS:BILLING-MANAGEMENT:9001 with status UP (replication=true)
2023-05-22 21:23:29.089 INFO  [Thread-10] c.n.e.r.AbstractInstanceRegistry - Registered instance BILLING-MANAGEMENT/LAPTOP-5IVJGTKS:BILLING-MANAGEMENT:9004 with status UP (replication=true)
2023-05-22 21:23:29.090 INFO  [Thread-10] c.n.e.r.AbstractInstanceRegistry - Registered instance CONFIG-SERVER/LAPTOP-5IVJGTKS:CONFIG-SERVER:9296 with status UP (replication=true)
2023-05-22 21:23:29.091 INFO  [Thread-10] c.n.e.r.PeerAwareInstanceRegistryImpl - Got 4 instances from neighboring DS node
2023-05-22 21:23:29.091 INFO  [Thread-10] c.n.e.r.PeerAwareInstanceRegistryImpl - Renew threshold is: 6
2023-05-22 21:23:29.091 INFO  [Thread-10] c.n.e.r.PeerAwareInstanceRegistryImpl - Changing status to UP
2023-05-22 21:23:29.103 INFO  [Thread-10] o.s.c.n.e.s.EurekaServerInitializerConfiguration - Started Eureka Server
2023-05-22 21:23:29.118 INFO  [DiscoveryClient-InstanceInfoReplicator-0] c.netflix.discovery.DiscoveryClient - DiscoveryClient_HOSPITAL-MANAGEMENT/LAPTOP-5IVJGTKS:HOSPITAL-MANAGEMENT:9002 - registration status: 204
2023-05-22 21:23:29.128 INFO  [main] o.s.b.w.e.tomcat.TomcatWebServer - Tomcat started on port(s): 9002 (http) with context path ''
2023-05-22 21:23:29.129 INFO  [main] o.s.c.n.e.s.EurekaAutoServiceRegistration - Updating port to 9002
2023-05-22 21:23:29.331 INFO  [main] c.r.s.HospitalManagementApplication - Started HospitalManagementApplication in 13.377 seconds (JVM running for 17.004)
2023-05-22 21:23:30.216 INFO  [RMI TCP Connection(7)-127.0.0.1] o.a.c.c.C.[Tomcat].[localhost].[/] - Initializing Spring DispatcherServlet 'dispatcherServlet'
2023-05-22 21:23:30.217 INFO  [RMI TCP Connection(7)-127.0.0.1] o.s.web.servlet.DispatcherServlet - Initializing Servlet 'dispatcherServlet'
2023-05-22 21:23:30.219 INFO  [RMI TCP Connection(7)-127.0.0.1] o.s.web.servlet.DispatcherServlet - Completed initialization in 2 ms
2023-05-22 21:23:54.009 INFO  [main] c.r.s.HospitalManagementApplication - Starting HospitalManagementApplication using Java 17.0.6 on LAPTOP-5IVJGTKS with PID 9180 (C:\Users\Ruheena Zainab L\Downloads\PROJECT\HospitalManagement\target\classes started by Ruheena Zainab L in C:\Users\Ruheena Zainab L\Downloads\PROJECT\HospitalManagement)
2023-05-22 21:23:54.014 INFO  [main] c.r.s.HospitalManagementApplication - No active profile set, falling back to default profiles: default
2023-05-22 21:23:55.591 INFO  [main] o.s.d.r.c.RepositoryConfigurationDelegate - Bootstrapping Spring Data JPA repositories in DEFAULT mode.
2023-05-22 21:23:55.863 INFO  [main] o.s.d.r.c.RepositoryConfigurationDelegate - Finished Spring Data repository scanning in 259 ms. Found 3 JPA repository interfaces.
2023-05-22 21:23:56.334 INFO  [main] o.s.c.context.scope.GenericScope - BeanFactory id=6792b3c8-e756-348d-816f-6d6e354813f2
2023-05-22 21:23:57.434 INFO  [main] o.s.b.w.e.tomcat.TomcatWebServer - Tomcat initialized with port(s): 9005 (http)
2023-05-22 21:23:57.457 INFO  [main] o.a.coyote.http11.Http11NioProtocol - Initializing ProtocolHandler ["http-nio-9005"]
2023-05-22 21:23:57.458 INFO  [main] o.a.catalina.core.StandardService - Starting service [Tomcat]
2023-05-22 21:23:57.458 INFO  [main] o.a.catalina.core.StandardEngine - Starting Servlet engine: [Apache Tomcat/9.0.43]
2023-05-22 21:23:57.631 INFO  [main] o.a.c.c.C.[Tomcat].[localhost].[/] - Initializing Spring embedded WebApplicationContext
2023-05-22 21:23:57.631 INFO  [main] o.s.b.w.s.c.ServletWebServerApplicationContext - Root WebApplicationContext: initialization completed in 3518 ms
2023-05-22 21:23:59.988 INFO  [main] c.s.j.s.i.a.WebApplicationImpl - Initiating Jersey application, version 'Jersey: 1.19.4 05/24/2017 03:20 PM'
2023-05-22 21:24:00.172 INFO  [main] c.n.d.p.DiscoveryJerseyProvider - Using JSON encoding codec LegacyJacksonJson
2023-05-22 21:24:00.175 INFO  [main] c.n.d.p.DiscoveryJerseyProvider - Using JSON decoding codec LegacyJacksonJson
2023-05-22 21:24:00.888 INFO  [main] c.n.d.p.DiscoveryJerseyProvider - Using XML encoding codec XStreamXml
2023-05-22 21:24:00.889 INFO  [main] c.n.d.p.DiscoveryJerseyProvider - Using XML decoding codec XStreamXml
2023-05-22 21:24:02.025 INFO  [main] o.h.jpa.internal.util.LogHelper - HHH000204: Processing PersistenceUnitInfo [name: default]
2023-05-22 21:24:02.216 INFO  [main] org.hibernate.Version - HHH000412: Hibernate ORM core version 5.4.28.Final
2023-05-22 21:24:02.570 INFO  [main] o.h.annotations.common.Version - HCANN000001: Hibernate Commons Annotations {5.1.2.Final}
2023-05-22 21:24:02.877 INFO  [main] com.zaxxer.hikari.HikariDataSource - HikariPool-1 - Starting...
2023-05-22 21:24:03.599 INFO  [main] com.zaxxer.hikari.HikariDataSource - HikariPool-1 - Start completed.
2023-05-22 21:24:03.745 INFO  [main] org.hibernate.dialect.Dialect - HHH000400: Using dialect: org.hibernate.dialect.MySQL8Dialect
2023-05-22 21:24:05.421 INFO  [main] o.h.e.t.j.p.i.JtaPlatformInitiator - HHH000490: Using JtaPlatform implementation: [org.hibernate.engine.transaction.jta.platform.internal.NoJtaPlatform]
2023-05-22 21:24:05.438 INFO  [main] o.s.o.j.LocalContainerEntityManagerFactoryBean - Initialized JPA EntityManagerFactory for persistence unit 'default'
2023-05-22 21:24:06.811 INFO  [main] o.s.s.c.ThreadPoolTaskExecutor - Initializing ExecutorService 'applicationTaskExecutor'
2023-05-22 21:24:08.046 INFO  [main] o.s.c.n.e.c.DiscoveryClientOptionalArgsConfiguration - Eureka HTTP Client uses Jersey
2023-05-22 21:24:08.486 INFO  [main] o.s.c.n.eureka.InstanceInfoFactory - Setting initial instance status as: STARTING
2023-05-22 21:24:08.602 INFO  [main] c.netflix.discovery.DiscoveryClient - Initializing Eureka in region us-east-1
2023-05-22 21:24:08.727 INFO  [main] c.n.d.p.DiscoveryJerseyProvider - Using JSON encoding codec LegacyJacksonJson
2023-05-22 21:24:08.727 INFO  [main] c.n.d.p.DiscoveryJerseyProvider - Using JSON decoding codec LegacyJacksonJson
2023-05-22 21:24:08.728 INFO  [main] c.n.d.p.DiscoveryJerseyProvider - Using XML encoding codec XStreamXml
2023-05-22 21:24:08.728 INFO  [main] c.n.d.p.DiscoveryJerseyProvider - Using XML decoding codec XStreamXml
2023-05-22 21:24:08.849 INFO  [main] c.n.d.s.r.aws.ConfigClusterResolver - Resolving eureka endpoints via configuration
2023-05-22 21:24:08.895 INFO  [main] c.netflix.discovery.DiscoveryClient - Disable delta property : false
2023-05-22 21:24:08.895 INFO  [main] c.netflix.discovery.DiscoveryClient - Single vip registry refresh property : null
2023-05-22 21:24:08.895 INFO  [main] c.netflix.discovery.DiscoveryClient - Force full registry fetch : false
2023-05-22 21:24:08.896 INFO  [main] c.netflix.discovery.DiscoveryClient - Application is null : false
2023-05-22 21:24:08.896 INFO  [main] c.netflix.discovery.DiscoveryClient - Registered Applications size is zero : true
2023-05-22 21:24:08.896 INFO  [main] c.netflix.discovery.DiscoveryClient - Application version is -1: true
2023-05-22 21:24:08.896 INFO  [main] c.netflix.discovery.DiscoveryClient - Getting all instance registry info from the eureka server
2023-05-22 21:24:09.236 INFO  [main] c.netflix.discovery.DiscoveryClient - The response status is 200
2023-05-22 21:24:09.242 INFO  [main] c.netflix.discovery.DiscoveryClient - Starting heartbeat executor: renew interval is: 30
2023-05-22 21:24:09.250 INFO  [main] c.n.d.InstanceInfoReplicator - InstanceInfoReplicator onDemand update allowed rate per min is 4
2023-05-22 21:24:09.260 INFO  [main] c.netflix.discovery.DiscoveryClient - Discovery Client initialized at timestamp 1684770849255 with initial instances count: 6
2023-05-22 21:24:09.352 INFO  [main] c.n.e.DefaultEurekaServerContext - Initializing ...
2023-05-22 21:24:09.353 INFO  [main] c.n.eureka.cluster.PeerEurekaNodes - Adding new peer nodes [http://localhost:8761/eureka/]
2023-05-22 21:24:09.359 INFO  [main] c.n.d.p.DiscoveryJerseyProvider - Using JSON encoding codec LegacyJacksonJson
2023-05-22 21:24:09.359 INFO  [main] c.n.d.p.DiscoveryJerseyProvider - Using JSON decoding codec LegacyJacksonJson
2023-05-22 21:24:09.359 INFO  [main] c.n.d.p.DiscoveryJerseyProvider - Using XML encoding codec XStreamXml
2023-05-22 21:24:09.359 INFO  [main] c.n.d.p.DiscoveryJerseyProvider - Using XML decoding codec XStreamXml
2023-05-22 21:24:09.454 INFO  [main] c.n.eureka.cluster.PeerEurekaNodes - Replica node URL:  http://localhost:8761/eureka/
2023-05-22 21:24:09.469 INFO  [main] c.n.e.r.AbstractInstanceRegistry - Finished initializing remote region registries. All known remote regions: []
2023-05-22 21:24:09.469 INFO  [main] c.n.e.DefaultEurekaServerContext - Initialized
2023-05-22 21:24:09.586 INFO  [main] o.s.b.a.e.web.EndpointLinksResolver - Exposing 2 endpoint(s) beneath base path '/actuator'
2023-05-22 21:24:09.695 INFO  [main] o.s.c.n.e.s.EurekaServiceRegistry - Registering application HOSPITAL-MANAGEMENT with eureka with status UP
2023-05-22 21:24:09.696 INFO  [main] c.netflix.discovery.DiscoveryClient - Saw local status change event StatusChangeEvent [timestamp=1684770849696, current=UP, previous=STARTING]
2023-05-22 21:24:09.703 INFO  [DiscoveryClient-InstanceInfoReplicator-0] c.netflix.discovery.DiscoveryClient - DiscoveryClient_HOSPITAL-MANAGEMENT/LAPTOP-5IVJGTKS:HOSPITAL-MANAGEMENT:9005: registering service...
2023-05-22 21:24:09.703 INFO  [main] o.a.coyote.http11.Http11NioProtocol - Starting ProtocolHandler ["http-nio-9005"]
2023-05-22 21:24:09.729 INFO  [Thread-10] o.s.c.n.e.s.EurekaServerBootstrap - isAws returned false
2023-05-22 21:24:09.730 INFO  [Thread-10] o.s.c.n.e.s.EurekaServerBootstrap - Initialized server context
2023-05-22 21:24:09.741 INFO  [Thread-10] c.n.e.r.AbstractInstanceRegistry - Registered instance API-GATEWAY/LAPTOP-5IVJGTKS:API-GATEWAY:9191 with status UP (replication=true)
2023-05-22 21:24:09.742 INFO  [Thread-10] c.n.e.r.AbstractInstanceRegistry - Registered instance HOSPITAL-MANAGEMENT/LAPTOP-5IVJGTKS:HOSPITAL-MANAGEMENT:9002 with status UP (replication=true)
2023-05-22 21:24:09.744 INFO  [Thread-10] c.n.e.r.AbstractInstanceRegistry - Registered instance BILLING-MANAGEMENT/LAPTOP-5IVJGTKS:BILLING-MANAGEMENT:9004 with status UP (replication=true)
2023-05-22 21:24:09.745 INFO  [Thread-10] c.n.e.r.AbstractInstanceRegistry - Registered instance BILLING-MANAGEMENT/LAPTOP-5IVJGTKS:BILLING-MANAGEMENT:9001 with status UP (replication=true)
2023-05-22 21:24:09.746 INFO  [Thread-10] c.n.e.r.AbstractInstanceRegistry - Registered instance CONFIG-SERVER/LAPTOP-5IVJGTKS:CONFIG-SERVER:9296 with status UP (replication=true)
2023-05-22 21:24:09.747 INFO  [Thread-10] c.n.e.r.PeerAwareInstanceRegistryImpl - Got 5 instances from neighboring DS node
2023-05-22 21:24:09.747 INFO  [Thread-10] c.n.e.r.PeerAwareInstanceRegistryImpl - Renew threshold is: 8
2023-05-22 21:24:09.747 INFO  [Thread-10] c.n.e.r.PeerAwareInstanceRegistryImpl - Changing status to UP
2023-05-22 21:24:09.762 INFO  [Thread-10] o.s.c.n.e.s.EurekaServerInitializerConfiguration - Started Eureka Server
2023-05-22 21:24:09.769 INFO  [DiscoveryClient-InstanceInfoReplicator-0] c.netflix.discovery.DiscoveryClient - DiscoveryClient_HOSPITAL-MANAGEMENT/LAPTOP-5IVJGTKS:HOSPITAL-MANAGEMENT:9005 - registration status: 204
2023-05-22 21:24:09.785 INFO  [main] o.s.b.w.e.tomcat.TomcatWebServer - Tomcat started on port(s): 9005 (http) with context path ''
2023-05-22 21:24:09.786 INFO  [main] o.s.c.n.e.s.EurekaAutoServiceRegistration - Updating port to 9005
2023-05-22 21:24:10.009 INFO  [main] c.r.s.HospitalManagementApplication - Started HospitalManagementApplication in 17.106 seconds (JVM running for 21.06)
2023-05-22 21:24:11.261 INFO  [RMI TCP Connection(5)-127.0.0.1] o.a.c.c.C.[Tomcat].[localhost].[/] - Initializing Spring DispatcherServlet 'dispatcherServlet'
2023-05-22 21:24:11.261 INFO  [RMI TCP Connection(5)-127.0.0.1] o.s.web.servlet.DispatcherServlet - Initializing Servlet 'dispatcherServlet'
2023-05-22 21:24:11.265 INFO  [RMI TCP Connection(5)-127.0.0.1] o.s.web.servlet.DispatcherServlet - Completed initialization in 3 ms
2023-05-22 21:24:29.095 INFO  [Eureka-EvictionTimer] c.n.e.r.AbstractInstanceRegistry - Running the evict task with compensationTime 0ms
2023-05-22 21:25:09.763 INFO  [Eureka-EvictionTimer] c.n.e.r.AbstractInstanceRegistry - Running the evict task with compensationTime 0ms
2023-05-22 21:25:29.109 INFO  [Eureka-EvictionTimer] c.n.e.r.AbstractInstanceRegistry - Running the evict task with compensationTime 15ms
2023-05-22 21:26:09.778 INFO  [Eureka-EvictionTimer] c.n.e.r.AbstractInstanceRegistry - Running the evict task with compensationTime 14ms
2023-05-22 21:26:29.118 INFO  [Eureka-EvictionTimer] c.n.e.r.AbstractInstanceRegistry - Running the evict task with compensationTime 8ms
2023-05-22 21:27:09.788 INFO  [Eureka-EvictionTimer] c.n.e.r.AbstractInstanceRegistry - Running the evict task with compensationTime 10ms
2023-05-22 21:27:29.129 INFO  [Eureka-EvictionTimer] c.n.e.r.AbstractInstanceRegistry - Running the evict task with compensationTime 11ms
2023-05-22 21:28:09.803 INFO  [Eureka-EvictionTimer] c.n.e.r.AbstractInstanceRegistry - Running the evict task with compensationTime 15ms
2023-05-22 21:28:28.423 INFO  [AsyncResolver-bootstrap-executor-0] c.n.d.s.r.aws.ConfigClusterResolver - Resolving eureka endpoints via configuration
2023-05-22 21:28:29.140 INFO  [Eureka-EvictionTimer] c.n.e.r.AbstractInstanceRegistry - Running the evict task with compensationTime 10ms
2023-05-22 21:28:29.249 INFO  [http-nio-9005-exec-3] c.r.s.c.AppointmentController - ----fetching all appointment details by patient id-----
2023-05-22 21:28:29.259 INFO  [http-nio-9005-exec-3] c.r.ss.service.AppointmentService - Logging Services started appointment services
2023-05-22 21:28:38.504 INFO  [http-nio-9002-exec-1] c.r.s.c.AppointmentController - ----fetching all appointment details-----
2023-05-22 21:28:38.514 INFO  [http-nio-9002-exec-1] c.r.ss.service.AppointmentService - -----Logging Services started appointment services-----
2023-05-22 21:28:41.830 INFO  [http-nio-9005-exec-4] c.r.ss.controller.DoctorController - ----fetching all doctors----
2023-05-22 21:28:43.954 INFO  [http-nio-9002-exec-2] c.r.ss.controller.PatientController - -----fetching all patients info------
2023-05-22 21:29:08.911 INFO  [AsyncResolver-bootstrap-executor-0] c.n.d.s.r.aws.ConfigClusterResolver - Resolving eureka endpoints via configuration
2023-05-22 21:29:09.812 INFO  [Eureka-EvictionTimer] c.n.e.r.AbstractInstanceRegistry - Running the evict task with compensationTime 8ms
2023-05-22 21:29:29.146 INFO  [Eureka-EvictionTimer] c.n.e.r.AbstractInstanceRegistry - Running the evict task with compensationTime 5ms
2023-05-22 21:29:35.337 INFO  [http-nio-9002-exec-3] c.r.s.c.AppointmentController - -----fetching all appointment details by doctor id------
2023-05-22 21:29:35.339 INFO  [http-nio-9002-exec-3] c.r.ss.service.AppointmentService - Logging Services started appointment services
2023-05-22 21:30:02.599 INFO  [http-nio-9005-exec-8] c.r.s.c.AppointmentController - ------fetching all appointment details by appointment time-----
2023-05-22 21:30:09.826 INFO  [Eureka-EvictionTimer] c.n.e.r.AbstractInstanceRegistry - Running the evict task with compensationTime 14ms
2023-05-22 21:30:21.152 INFO  [http-nio-9002-exec-4] c.r.s.c.AppointmentController - -----fetching all appointment details by appointment date-----
2023-05-22 21:30:29.147 INFO  [Eureka-EvictionTimer] c.n.e.r.AbstractInstanceRegistry - Running the evict task with compensationTime 0ms
2023-05-22 21:31:09.837 INFO  [Eureka-EvictionTimer] c.n.e.r.AbstractInstanceRegistry - Running the evict task with compensationTime 10ms
2023-05-22 21:31:29.147 INFO  [Eureka-EvictionTimer] c.n.e.r.AbstractInstanceRegistry - Running the evict task with compensationTime 0ms
2023-05-22 21:31:56.019 INFO  [http-nio-9005-exec-2] c.r.ss.controller.PatientController - -----fetching patients info by insurance provider-----
2023-05-22 21:32:09.841 INFO  [Eureka-EvictionTimer] c.n.e.r.AbstractInstanceRegistry - Running the evict task with compensationTime 4ms
2023-05-22 21:32:29.149 INFO  [Eureka-EvictionTimer] c.n.e.r.AbstractInstanceRegistry - Running the evict task with compensationTime 1ms
2023-05-22 21:33:09.853 INFO  [Eureka-EvictionTimer] c.n.e.r.AbstractInstanceRegistry - Running the evict task with compensationTime 12ms
2023-05-22 21:33:28.436 INFO  [AsyncResolver-bootstrap-executor-0] c.n.d.s.r.aws.ConfigClusterResolver - Resolving eureka endpoints via configuration
2023-05-22 21:33:29.158 INFO  [Eureka-EvictionTimer] c.n.e.r.AbstractInstanceRegistry - Running the evict task with compensationTime 9ms
2023-05-22 21:34:08.912 INFO  [AsyncResolver-bootstrap-executor-0] c.n.d.s.r.aws.ConfigClusterResolver - Resolving eureka endpoints via configuration
2023-05-22 21:34:09.860 INFO  [Eureka-EvictionTimer] c.n.e.r.AbstractInstanceRegistry - Running the evict task with compensationTime 6ms
2023-05-22 21:34:29.161 INFO  [Eureka-EvictionTimer] c.n.e.r.AbstractInstanceRegistry - Running the evict task with compensationTime 2ms
2023-05-22 21:35:09.871 INFO  [Eureka-EvictionTimer] c.n.e.r.AbstractInstanceRegistry - Running the evict task with compensationTime 11ms
2023-05-22 21:35:29.162 INFO  [Eureka-EvictionTimer] c.n.e.r.AbstractInstanceRegistry - Running the evict task with compensationTime 1ms
2023-05-22 21:36:09.879 INFO  [Eureka-EvictionTimer] c.n.e.r.AbstractInstanceRegistry - Running the evict task with compensationTime 8ms
2023-05-22 21:36:29.165 INFO  [Eureka-EvictionTimer] c.n.e.r.AbstractInstanceRegistry - Running the evict task with compensationTime 2ms
2023-05-22 21:37:09.884 INFO  [Eureka-EvictionTimer] c.n.e.r.AbstractInstanceRegistry - Running the evict task with compensationTime 4ms
2023-05-22 21:37:29.179 INFO  [Eureka-EvictionTimer] c.n.e.r.AbstractInstanceRegistry - Running the evict task with compensationTime 14ms
2023-05-22 21:38:09.896 INFO  [Eureka-EvictionTimer] c.n.e.r.AbstractInstanceRegistry - Running the evict task with compensationTime 11ms
2023-05-22 21:38:28.452 INFO  [AsyncResolver-bootstrap-executor-0] c.n.d.s.r.aws.ConfigClusterResolver - Resolving eureka endpoints via configuration
2023-05-22 21:38:28.875 INFO  [ReplicaAwareInstanceRegistry - RenewalThresholdUpdater] c.n.e.r.PeerAwareInstanceRegistryImpl - Current renewal threshold is : 11
2023-05-22 21:38:29.194 INFO  [Eureka-EvictionTimer] c.n.e.r.AbstractInstanceRegistry - Running the evict task with compensationTime 14ms
2023-05-22 21:39:08.928 INFO  [AsyncResolver-bootstrap-executor-0] c.n.d.s.r.aws.ConfigClusterResolver - Resolving eureka endpoints via configuration
2023-05-22 21:39:09.478 INFO  [ReplicaAwareInstanceRegistry - RenewalThresholdUpdater] c.n.e.r.PeerAwareInstanceRegistryImpl - Current renewal threshold is : 11
2023-05-22 21:39:09.896 INFO  [Eureka-EvictionTimer] c.n.e.r.AbstractInstanceRegistry - Running the evict task with compensationTime 0ms
2023-05-22 21:39:29.194 INFO  [Eureka-EvictionTimer] c.n.e.r.AbstractInstanceRegistry - Running the evict task with compensationTime 0ms
2023-05-22 21:40:09.896 INFO  [Eureka-EvictionTimer] c.n.e.r.AbstractInstanceRegistry - Running the evict task with compensationTime 0ms
2023-05-22 21:40:29.194 INFO  [Eureka-EvictionTimer] c.n.e.r.AbstractInstanceRegistry - Running the evict task with compensationTime 0ms
2023-05-22 21:41:09.898 INFO  [Eureka-EvictionTimer] c.n.e.r.AbstractInstanceRegistry - Running the evict task with compensationTime 1ms
2023-05-22 21:41:29.195 INFO  [Eureka-EvictionTimer] c.n.e.r.AbstractInstanceRegistry - Running the evict task with compensationTime 0ms
2023-05-22 21:42:09.910 INFO  [Eureka-EvictionTimer] c.n.e.r.AbstractInstanceRegistry - Running the evict task with compensationTime 11ms
2023-05-22 21:42:29.196 INFO  [Eureka-EvictionTimer] c.n.e.r.AbstractInstanceRegistry - Running the evict task with compensationTime 0ms
2023-05-22 21:43:09.911 INFO  [Eureka-EvictionTimer] c.n.e.r.AbstractInstanceRegistry - Running the evict task with compensationTime 1ms
2023-05-22 21:43:28.461 INFO  [AsyncResolver-bootstrap-executor-0] c.n.d.s.r.aws.ConfigClusterResolver - Resolving eureka endpoints via configuration
2023-05-22 21:43:29.196 INFO  [Eureka-EvictionTimer] c.n.e.r.AbstractInstanceRegistry - Running the evict task with compensationTime 0ms
2023-05-22 21:44:08.944 INFO  [AsyncResolver-bootstrap-executor-0] c.n.d.s.r.aws.ConfigClusterResolver - Resolving eureka endpoints via configuration
2023-05-22 21:44:09.923 INFO  [Eureka-EvictionTimer] c.n.e.r.AbstractInstanceRegistry - Running the evict task with compensationTime 12ms
2023-05-22 21:44:29.197 INFO  [Eureka-EvictionTimer] c.n.e.r.AbstractInstanceRegistry - Running the evict task with compensationTime 0ms
2023-05-22 21:45:09.924 INFO  [Eureka-EvictionTimer] c.n.e.r.AbstractInstanceRegistry - Running the evict task with compensationTime 0ms
2023-05-22 21:45:29.197 INFO  [Eureka-EvictionTimer] c.n.e.r.AbstractInstanceRegistry - Running the evict task with compensationTime 0ms
2023-05-22 21:46:09.924 INFO  [Eureka-EvictionTimer] c.n.e.r.AbstractInstanceRegistry - Running the evict task with compensationTime 0ms
2023-05-22 21:46:29.197 INFO  [Eureka-EvictionTimer] c.n.e.r.AbstractInstanceRegistry - Running the evict task with compensationTime 0ms
2023-05-22 21:47:09.925 INFO  [Eureka-EvictionTimer] c.n.e.r.AbstractInstanceRegistry - Running the evict task with compensationTime 0ms
2023-05-22 21:47:29.197 INFO  [Eureka-EvictionTimer] c.n.e.r.AbstractInstanceRegistry - Running the evict task with compensationTime 0ms
2023-05-22 21:48:09.925 INFO  [Eureka-EvictionTimer] c.n.e.r.AbstractInstanceRegistry - Running the evict task with compensationTime 0ms
2023-05-22 21:48:28.463 INFO  [AsyncResolver-bootstrap-executor-0] c.n.d.s.r.aws.ConfigClusterResolver - Resolving eureka endpoints via configuration
2023-05-22 21:48:29.197 INFO  [Eureka-EvictionTimer] c.n.e.r.AbstractInstanceRegistry - Running the evict task with compensationTime 0ms
2023-05-22 21:49:08.952 INFO  [AsyncResolver-bootstrap-executor-0] c.n.d.s.r.aws.ConfigClusterResolver - Resolving eureka endpoints via configuration
2023-05-22 21:49:09.926 INFO  [Eureka-EvictionTimer] c.n.e.r.AbstractInstanceRegistry - Running the evict task with compensationTime 0ms
2023-05-22 21:49:29.198 INFO  [Eureka-EvictionTimer] c.n.e.r.AbstractInstanceRegistry - Running the evict task with compensationTime 0ms
2023-05-22 21:50:09.926 INFO  [Eureka-EvictionTimer] c.n.e.r.AbstractInstanceRegistry - Running the evict task with compensationTime 0ms
2023-05-22 21:50:29.198 INFO  [Eureka-EvictionTimer] c.n.e.r.AbstractInstanceRegistry - Running the evict task with compensationTime 0ms
2023-05-22 21:51:09.938 INFO  [Eureka-EvictionTimer] c.n.e.r.AbstractInstanceRegistry - Running the evict task with compensationTime 12ms
2023-05-22 21:51:29.199 INFO  [Eureka-EvictionTimer] c.n.e.r.AbstractInstanceRegistry - Running the evict task with compensationTime 0ms
2023-05-22 21:52:09.939 INFO  [Eureka-EvictionTimer] c.n.e.r.AbstractInstanceRegistry - Running the evict task with compensationTime 0ms
2023-05-22 21:52:29.200 INFO  [Eureka-EvictionTimer] c.n.e.r.AbstractInstanceRegistry - Running the evict task with compensationTime 0ms
2023-05-22 21:53:04.315 INFO  [RMI TCP Connection(41)-127.0.0.1] o.s.b.a.SpringApplicationAdminMXBeanRegistrar$SpringApplicationAdmin - Application shutdown requested.
2023-05-22 21:53:04.335 INFO  [RMI TCP Connection(41)-127.0.0.1] o.s.c.n.e.s.EurekaServiceRegistry - Unregistering application HOSPITAL-MANAGEMENT with eureka with status DOWN
2023-05-22 21:53:04.336 INFO  [RMI TCP Connection(41)-127.0.0.1] c.netflix.discovery.DiscoveryClient - Saw local status change event StatusChangeEvent [timestamp=1684772584336, current=DOWN, previous=UP]
2023-05-22 21:53:04.336 INFO  [DiscoveryClient-InstanceInfoReplicator-0] c.netflix.discovery.DiscoveryClient - DiscoveryClient_HOSPITAL-MANAGEMENT/LAPTOP-5IVJGTKS:HOSPITAL-MANAGEMENT:9005: registering service...
2023-05-22 21:53:04.352 INFO  [DiscoveryClient-InstanceInfoReplicator-0] c.netflix.discovery.DiscoveryClient - DiscoveryClient_HOSPITAL-MANAGEMENT/LAPTOP-5IVJGTKS:HOSPITAL-MANAGEMENT:9005 - registration status: 204
2023-05-22 21:53:04.497 INFO  [RMI TCP Connection(41)-127.0.0.1] o.s.c.n.e.s.EurekaServerBootstrap - Shutting down Eureka Server..
2023-05-22 21:53:04.506 INFO  [RMI TCP Connection(41)-127.0.0.1] c.n.e.DefaultEurekaServerContext - Shutting down ...
2023-05-22 21:53:04.512 INFO  [RMI TCP Connection(41)-127.0.0.1] c.n.servo.monitor.StatsMonitor - Attempting to get the value for an expired monitor: eurekaServer.replication.batchSize.Will start computing stats again.
2023-05-22 21:53:04.517 INFO  [RMI TCP Connection(41)-127.0.0.1] c.n.servo.monitor.StatsMonitor - Attempting to get the value for an expired monitor: eurekaServer.replication.executionTime.Will start computing stats again.
2023-05-22 21:53:04.518 INFO  [RMI TCP Connection(41)-127.0.0.1] c.n.servo.monitor.StatsMonitor - Attempting to get the value for an expired monitor: eurekaServer.replication.executionTime.Will start computing stats again.
2023-05-22 21:53:04.518 INFO  [RMI TCP Connection(41)-127.0.0.1] c.n.servo.monitor.StatsMonitor - Attempting to get the value for an expired monitor: eurekaServer.replication.batchSize.Will start computing stats again.
2023-05-22 21:53:04.546 INFO  [RMI TCP Connection(41)-127.0.0.1] c.n.e.DefaultEurekaServerContext - Shut down
2023-05-22 21:53:04.546 INFO  [RMI TCP Connection(41)-127.0.0.1] o.s.c.n.e.s.EurekaServerBootstrap - Eureka Service is now shutdown...
2023-05-22 21:53:04.561 INFO  [RMI TCP Connection(41)-127.0.0.1] c.n.e.DefaultEurekaServerContext - Shutting down ...
2023-05-22 21:53:04.566 INFO  [RMI TCP Connection(41)-127.0.0.1] c.n.e.DefaultEurekaServerContext - Shut down
2023-05-22 21:53:04.598 INFO  [RMI TCP Connection(41)-127.0.0.1] o.s.s.c.ThreadPoolTaskExecutor - Shutting down ExecutorService 'applicationTaskExecutor'
2023-05-22 21:53:04.601 INFO  [RMI TCP Connection(41)-127.0.0.1] o.s.o.j.LocalContainerEntityManagerFactoryBean - Closing JPA EntityManagerFactory for persistence unit 'default'
2023-05-22 21:53:04.630 INFO  [RMI TCP Connection(41)-127.0.0.1] com.zaxxer.hikari.HikariDataSource - HikariPool-1 - Shutdown initiated...
2023-05-22 21:53:04.669 INFO  [RMI TCP Connection(41)-127.0.0.1] com.zaxxer.hikari.HikariDataSource - HikariPool-1 - Shutdown completed.
2023-05-22 21:53:04.922 INFO  [RMI TCP Connection(38)-127.0.0.1] o.s.b.a.SpringApplicationAdminMXBeanRegistrar$SpringApplicationAdmin - Application shutdown requested.
2023-05-22 21:53:04.946 INFO  [RMI TCP Connection(38)-127.0.0.1] o.s.c.n.e.s.EurekaServiceRegistry - Unregistering application HOSPITAL-MANAGEMENT with eureka with status DOWN
2023-05-22 21:53:04.947 INFO  [RMI TCP Connection(38)-127.0.0.1] c.netflix.discovery.DiscoveryClient - Saw local status change event StatusChangeEvent [timestamp=1684772584947, current=DOWN, previous=UP]
2023-05-22 21:53:04.948 INFO  [DiscoveryClient-InstanceInfoReplicator-0] c.netflix.discovery.DiscoveryClient - DiscoveryClient_HOSPITAL-MANAGEMENT/LAPTOP-5IVJGTKS:HOSPITAL-MANAGEMENT:9002: registering service...
2023-05-22 21:53:04.960 INFO  [DiscoveryClient-InstanceInfoReplicator-0] c.netflix.discovery.DiscoveryClient - DiscoveryClient_HOSPITAL-MANAGEMENT/LAPTOP-5IVJGTKS:HOSPITAL-MANAGEMENT:9002 - registration status: 204
2023-05-22 21:53:05.049 INFO  [RMI TCP Connection(39)-127.0.0.1] o.s.b.a.SpringApplicationAdminMXBeanRegistrar$SpringApplicationAdmin - Application shutdown requested.
2023-05-22 21:53:05.110 INFO  [RMI TCP Connection(38)-127.0.0.1] o.s.c.n.e.s.EurekaServerBootstrap - Shutting down Eureka Server..
2023-05-22 21:53:05.124 INFO  [RMI TCP Connection(38)-127.0.0.1] c.n.e.DefaultEurekaServerContext - Shutting down ...
2023-05-22 21:53:05.128 INFO  [RMI TCP Connection(38)-127.0.0.1] c.n.servo.monitor.StatsMonitor - Attempting to get the value for an expired monitor: eurekaServer.replication.batchSize.Will start computing stats again.
2023-05-22 21:53:05.131 INFO  [RMI TCP Connection(38)-127.0.0.1] c.n.servo.monitor.StatsMonitor - Attempting to get the value for an expired monitor: eurekaServer.replication.executionTime.Will start computing stats again.
2023-05-22 21:53:05.132 INFO  [RMI TCP Connection(38)-127.0.0.1] c.n.servo.monitor.StatsMonitor - Attempting to get the value for an expired monitor: eurekaServer.replication.executionTime.Will start computing stats again.
2023-05-22 21:53:05.132 INFO  [RMI TCP Connection(38)-127.0.0.1] c.n.servo.monitor.StatsMonitor - Attempting to get the value for an expired monitor: eurekaServer.replication.batchSize.Will start computing stats again.
2023-05-22 21:53:05.161 INFO  [RMI TCP Connection(38)-127.0.0.1] c.n.e.DefaultEurekaServerContext - Shut down
2023-05-22 21:53:05.161 INFO  [RMI TCP Connection(38)-127.0.0.1] o.s.c.n.e.s.EurekaServerBootstrap - Eureka Service is now shutdown...
2023-05-22 21:53:05.172 INFO  [RMI TCP Connection(38)-127.0.0.1] c.n.e.DefaultEurekaServerContext - Shutting down ...
2023-05-22 21:53:05.190 INFO  [RMI TCP Connection(38)-127.0.0.1] c.n.e.DefaultEurekaServerContext - Shut down
2023-05-22 21:53:05.214 INFO  [RMI TCP Connection(40)-127.0.0.1] o.s.b.a.SpringApplicationAdminMXBeanRegistrar$SpringApplicationAdmin - Application shutdown requested.
2023-05-22 21:53:05.218 INFO  [RMI TCP Connection(38)-127.0.0.1] o.s.s.c.ThreadPoolTaskExecutor - Shutting down ExecutorService 'applicationTaskExecutor'
2023-05-22 21:53:05.226 INFO  [RMI TCP Connection(38)-127.0.0.1] o.s.o.j.LocalContainerEntityManagerFactoryBean - Closing JPA EntityManagerFactory for persistence unit 'default'
2023-05-22 21:53:05.259 INFO  [RMI TCP Connection(38)-127.0.0.1] com.zaxxer.hikari.HikariDataSource - HikariPool-1 - Shutdown initiated...
2023-05-22 21:53:05.273 INFO  [RMI TCP Connection(38)-127.0.0.1] com.zaxxer.hikari.HikariDataSource - HikariPool-1 - Shutdown completed.
