2023-05-11 17:55:31.833 INFO  [main] c.r.s.HospitalManagementApplication - Starting HospitalManagementApplication using Java 17.0.6 on LAPTOP-5IVJGTKS with PID 14124 (C:\Users\Ruheena Zainab L\Downloads\PROJECT\HospitalManagement\target\classes started by Ruheena Zainab L in C:\Users\Ruheena Zainab L\Downloads\PROJECT\HospitalManagement)
2023-05-11 17:55:31.840 INFO  [main] c.r.s.HospitalManagementApplication - No active profile set, falling back to default profiles: default
2023-05-11 17:55:33.365 INFO  [main] o.s.d.r.c.RepositoryConfigurationDelegate - Bootstrapping Spring Data JPA repositories in DEFAULT mode.
2023-05-11 17:55:33.586 INFO  [main] o.s.d.r.c.RepositoryConfigurationDelegate - Finished Spring Data repository scanning in 204 ms. Found 3 JPA repository interfaces.
2023-05-11 17:55:34.169 INFO  [main] o.s.c.context.scope.GenericScope - BeanFactory id=6792b3c8-e756-348d-816f-6d6e354813f2
2023-05-11 17:55:35.135 INFO  [main] o.s.b.w.e.tomcat.TomcatWebServer - Tomcat initialized with port(s): 9002 (http)
2023-05-11 17:55:35.147 INFO  [main] o.a.coyote.http11.Http11NioProtocol - Initializing ProtocolHandler ["http-nio-9002"]
2023-05-11 17:55:35.148 INFO  [main] o.a.catalina.core.StandardService - Starting service [Tomcat]
2023-05-11 17:55:35.148 INFO  [main] o.a.catalina.core.StandardEngine - Starting Servlet engine: [Apache Tomcat/9.0.43]
2023-05-11 17:55:35.324 INFO  [main] o.a.c.c.C.[Tomcat].[localhost].[/] - Initializing Spring embedded WebApplicationContext
2023-05-11 17:55:35.325 INFO  [main] o.s.b.w.s.c.ServletWebServerApplicationContext - Root WebApplicationContext: initialization completed in 3421 ms
2023-05-11 17:55:37.561 INFO  [main] c.s.j.s.i.a.WebApplicationImpl - Initiating Jersey application, version 'Jersey: 1.19.4 05/24/2017 03:20 PM'
2023-05-11 17:55:37.632 INFO  [main] c.n.d.p.DiscoveryJerseyProvider - Using JSON encoding codec LegacyJacksonJson
2023-05-11 17:55:37.632 INFO  [main] c.n.d.p.DiscoveryJerseyProvider - Using JSON decoding codec LegacyJacksonJson
2023-05-11 17:55:37.898 INFO  [main] c.n.d.p.DiscoveryJerseyProvider - Using XML encoding codec XStreamXml
2023-05-11 17:55:37.898 INFO  [main] c.n.d.p.DiscoveryJerseyProvider - Using XML decoding codec XStreamXml
2023-05-11 17:55:38.493 INFO  [main] org.hibernate.Version - HHH000412: Hibernate ORM core version 5.4.28.Final
2023-05-11 17:55:38.773 INFO  [main] o.h.annotations.common.Version - HCANN000001: Hibernate Commons Annotations {5.1.2.Final}
2023-05-11 17:55:39.190 INFO  [main] com.zaxxer.hikari.HikariDataSource - HikariPool-1 - Starting...
2023-05-11 17:55:39.822 INFO  [main] com.zaxxer.hikari.HikariDataSource - HikariPool-1 - Start completed.
2023-05-11 17:55:39.878 INFO  [main] org.hibernate.dialect.Dialect - HHH000400: Using dialect: org.hibernate.dialect.MySQL8Dialect
2023-05-11 17:55:41.486 INFO  [main] o.h.e.t.j.p.i.JtaPlatformInitiator - HHH000490: Using JtaPlatform implementation: [org.hibernate.engine.transaction.jta.platform.internal.NoJtaPlatform]
2023-05-11 17:55:41.504 INFO  [main] o.s.o.j.LocalContainerEntityManagerFactoryBean - Initialized JPA EntityManagerFactory for persistence unit 'default'
2023-05-11 17:55:43.371 INFO  [main] o.s.s.c.ThreadPoolTaskExecutor - Initializing ExecutorService 'applicationTaskExecutor'
2023-05-11 17:55:45.091 INFO  [main] o.s.c.n.e.c.DiscoveryClientOptionalArgsConfiguration - Eureka HTTP Client uses Jersey
2023-05-11 17:55:45.660 INFO  [main] o.s.c.n.eureka.InstanceInfoFactory - Setting initial instance status as: STARTING
2023-05-11 17:55:45.726 INFO  [main] c.netflix.discovery.DiscoveryClient - Initializing Eureka in region us-east-1
2023-05-11 17:55:45.951 INFO  [main] c.n.d.p.DiscoveryJerseyProvider - Using JSON encoding codec LegacyJacksonJson
2023-05-11 17:55:45.951 INFO  [main] c.n.d.p.DiscoveryJerseyProvider - Using JSON decoding codec LegacyJacksonJson
2023-05-11 17:55:45.951 INFO  [main] c.n.d.p.DiscoveryJerseyProvider - Using XML encoding codec XStreamXml
2023-05-11 17:55:45.951 INFO  [main] c.n.d.p.DiscoveryJerseyProvider - Using XML decoding codec XStreamXml
2023-05-11 17:55:46.196 INFO  [main] c.n.d.s.r.aws.ConfigClusterResolver - Resolving eureka endpoints via configuration
2023-05-11 17:55:46.233 INFO  [main] c.netflix.discovery.DiscoveryClient - Disable delta property : false
2023-05-11 17:55:46.234 INFO  [main] c.netflix.discovery.DiscoveryClient - Single vip registry refresh property : null
2023-05-11 17:55:46.234 INFO  [main] c.netflix.discovery.DiscoveryClient - Force full registry fetch : false
2023-05-11 17:55:46.234 INFO  [main] c.netflix.discovery.DiscoveryClient - Application is null : false
2023-05-11 17:55:46.234 INFO  [main] c.netflix.discovery.DiscoveryClient - Registered Applications size is zero : true
2023-05-11 17:55:46.234 INFO  [main] c.netflix.discovery.DiscoveryClient - Application version is -1: true
2023-05-11 17:55:46.234 INFO  [main] c.netflix.discovery.DiscoveryClient - Getting all instance registry info from the eureka server
2023-05-11 17:55:46.661 INFO  [main] c.netflix.discovery.DiscoveryClient - The response status is 200
2023-05-11 17:55:46.669 INFO  [main] c.netflix.discovery.DiscoveryClient - Starting heartbeat executor: renew interval is: 30
2023-05-11 17:55:46.677 INFO  [main] c.n.d.InstanceInfoReplicator - InstanceInfoReplicator onDemand update allowed rate per min is 4
2023-05-11 17:55:46.685 INFO  [main] c.netflix.discovery.DiscoveryClient - Discovery Client initialized at timestamp 1683807946682 with initial instances count: 1
2023-05-11 17:55:46.835 INFO  [main] c.n.e.DefaultEurekaServerContext - Initializing ...
2023-05-11 17:55:46.837 INFO  [main] c.n.eureka.cluster.PeerEurekaNodes - Adding new peer nodes [http://localhost:8761/eureka/]
2023-05-11 17:55:46.841 INFO  [main] c.n.d.p.DiscoveryJerseyProvider - Using JSON encoding codec LegacyJacksonJson
2023-05-11 17:55:46.841 INFO  [main] c.n.d.p.DiscoveryJerseyProvider - Using JSON decoding codec LegacyJacksonJson
2023-05-11 17:55:46.841 INFO  [main] c.n.d.p.DiscoveryJerseyProvider - Using XML encoding codec XStreamXml
2023-05-11 17:55:46.841 INFO  [main] c.n.d.p.DiscoveryJerseyProvider - Using XML decoding codec XStreamXml
2023-05-11 17:55:46.968 INFO  [main] c.n.eureka.cluster.PeerEurekaNodes - Replica node URL:  http://localhost:8761/eureka/
2023-05-11 17:55:46.997 INFO  [main] c.n.e.r.AbstractInstanceRegistry - Finished initializing remote region registries. All known remote regions: []
2023-05-11 17:55:46.999 INFO  [main] c.n.e.DefaultEurekaServerContext - Initialized
2023-05-11 17:55:47.238 INFO  [main] o.s.b.a.e.web.EndpointLinksResolver - Exposing 2 endpoint(s) beneath base path '/actuator'
2023-05-11 17:55:47.428 INFO  [main] o.s.c.n.e.s.EurekaServiceRegistry - Registering application HOSPITAL-MANAGEMENT with eureka with status UP
2023-05-11 17:55:47.429 INFO  [main] c.netflix.discovery.DiscoveryClient - Saw local status change event StatusChangeEvent [timestamp=1683807947429, current=UP, previous=STARTING]
2023-05-11 17:55:47.436 INFO  [DiscoveryClient-InstanceInfoReplicator-0] c.netflix.discovery.DiscoveryClient - DiscoveryClient_HOSPITAL-MANAGEMENT/LAPTOP-5IVJGTKS:HOSPITAL-MANAGEMENT:9002: registering service...
2023-05-11 17:55:47.437 INFO  [main] o.a.coyote.http11.Http11NioProtocol - Starting ProtocolHandler ["http-nio-9002"]
2023-05-11 17:55:47.468 INFO  [Thread-9] o.s.c.n.e.s.EurekaServerBootstrap - isAws returned false
2023-05-11 17:55:47.469 INFO  [Thread-9] o.s.c.n.e.s.EurekaServerBootstrap - Initialized server context
2023-05-11 17:55:47.486 INFO  [Thread-9] c.n.e.r.AbstractInstanceRegistry - Registered instance BILLING-MANAGEMENT/LAPTOP-5IVJGTKS:BILLING-MANAGEMENT:9001 with status UP (replication=true)
2023-05-11 17:55:47.486 INFO  [Thread-9] c.n.e.r.PeerAwareInstanceRegistryImpl - Got 1 instances from neighboring DS node
2023-05-11 17:55:47.486 INFO  [Thread-9] c.n.e.r.PeerAwareInstanceRegistryImpl - Renew threshold is: 1
2023-05-11 17:55:47.487 INFO  [Thread-9] c.n.e.r.PeerAwareInstanceRegistryImpl - Changing status to UP
2023-05-11 17:55:47.495 INFO  [Thread-9] o.s.c.n.e.s.EurekaServerInitializerConfiguration - Started Eureka Server
2023-05-11 17:55:47.515 INFO  [main] o.s.b.w.e.tomcat.TomcatWebServer - Tomcat started on port(s): 9002 (http) with context path ''
2023-05-11 17:55:47.516 INFO  [main] o.s.c.n.e.s.EurekaAutoServiceRegistration - Updating port to 9002
2023-05-11 17:55:47.521 INFO  [DiscoveryClient-InstanceInfoReplicator-0] c.netflix.discovery.DiscoveryClient - DiscoveryClient_HOSPITAL-MANAGEMENT/LAPTOP-5IVJGTKS:HOSPITAL-MANAGEMENT:9002 - registration status: 204
2023-05-11 17:55:47.862 INFO  [main] c.r.s.HospitalManagementApplication - Started HospitalManagementApplication in 16.729 seconds (JVM running for 18.097)
2023-05-11 17:55:49.220 INFO  [RMI TCP Connection(9)-127.0.0.1] o.a.c.c.C.[Tomcat].[localhost].[/] - Initializing Spring DispatcherServlet 'dispatcherServlet'
2023-05-11 17:55:49.220 INFO  [RMI TCP Connection(9)-127.0.0.1] o.s.web.servlet.DispatcherServlet - Initializing Servlet 'dispatcherServlet'
2023-05-11 17:55:49.225 INFO  [RMI TCP Connection(9)-127.0.0.1] o.s.web.servlet.DispatcherServlet - Completed initialization in 5 ms
2023-05-11 17:56:33.814 INFO  [http-nio-9002-exec-3] c.r.ss.controller.PatientController - -----fetching all patients info------
2023-05-11 17:56:37.949 INFO  [http-nio-9002-exec-4] c.r.ss.controller.DoctorController - ----fetching all doctors----
2023-05-11 17:56:47.488 INFO  [Eureka-EvictionTimer] c.n.e.r.AbstractInstanceRegistry - Running the evict task with compensationTime 0ms
2023-05-11 17:56:50.962 INFO  [http-nio-9002-exec-8] c.r.s.c.AppointmentController - ----fetching all appointment details-----
2023-05-11 17:56:50.963 INFO  [http-nio-9002-exec-8] c.r.ss.service.AppointmentService - -----Logging Services started appointment services-----
2023-05-11 17:57:47.488 INFO  [Eureka-EvictionTimer] c.n.e.r.AbstractInstanceRegistry - Running the evict task with compensationTime 0ms
2023-05-11 17:58:47.489 INFO  [Eureka-EvictionTimer] c.n.e.r.AbstractInstanceRegistry - Running the evict task with compensationTime 0ms
2023-05-11 17:59:47.491 INFO  [Eureka-EvictionTimer] c.n.e.r.AbstractInstanceRegistry - Running the evict task with compensationTime 1ms
2023-05-11 18:00:46.250 INFO  [AsyncResolver-bootstrap-executor-0] c.n.d.s.r.aws.ConfigClusterResolver - Resolving eureka endpoints via configuration
2023-05-11 18:00:47.504 INFO  [Eureka-EvictionTimer] c.n.e.r.AbstractInstanceRegistry - Running the evict task with compensationTime 13ms
2023-05-11 18:01:47.517 INFO  [Eureka-EvictionTimer] c.n.e.r.AbstractInstanceRegistry - Running the evict task with compensationTime 12ms
2023-05-11 18:02:47.526 INFO  [Eureka-EvictionTimer] c.n.e.r.AbstractInstanceRegistry - Running the evict task with compensationTime 8ms
2023-05-11 18:03:47.535 INFO  [Eureka-EvictionTimer] c.n.e.r.AbstractInstanceRegistry - Running the evict task with compensationTime 8ms
2023-05-11 18:04:27.303 INFO  [http-nio-9002-exec-6] c.r.ss.controller.PatientController - -----fetching all patients info------
2023-05-11 18:04:47.538 INFO  [Eureka-EvictionTimer] c.n.e.r.AbstractInstanceRegistry - Running the evict task with compensationTime 3ms
2023-05-11 18:05:46.263 INFO  [AsyncResolver-bootstrap-executor-0] c.n.d.s.r.aws.ConfigClusterResolver - Resolving eureka endpoints via configuration
2023-05-11 18:05:47.539 INFO  [Eureka-EvictionTimer] c.n.e.r.AbstractInstanceRegistry - Running the evict task with compensationTime 1ms
2023-05-11 18:06:05.645 INFO  [RMI TCP Connection(24)-127.0.0.1] o.s.b.a.SpringApplicationAdminMXBeanRegistrar$SpringApplicationAdmin - Application shutdown requested.
2023-05-11 18:06:05.646 INFO  [RMI TCP Connection(24)-127.0.0.1] o.s.c.n.e.s.EurekaServiceRegistry - Unregistering application HOSPITAL-MANAGEMENT with eureka with status DOWN
2023-05-11 18:06:05.646 INFO  [RMI TCP Connection(24)-127.0.0.1] c.netflix.discovery.DiscoveryClient - Saw local status change event StatusChangeEvent [timestamp=1683808565646, current=DOWN, previous=UP]
2023-05-11 18:06:05.647 INFO  [DiscoveryClient-InstanceInfoReplicator-0] c.netflix.discovery.DiscoveryClient - DiscoveryClient_HOSPITAL-MANAGEMENT/LAPTOP-5IVJGTKS:HOSPITAL-MANAGEMENT:9002: registering service...
2023-05-11 18:06:05.654 INFO  [DiscoveryClient-InstanceInfoReplicator-0] c.netflix.discovery.DiscoveryClient - DiscoveryClient_HOSPITAL-MANAGEMENT/LAPTOP-5IVJGTKS:HOSPITAL-MANAGEMENT:9002 - registration status: 204
2023-05-11 18:06:05.682 INFO  [RMI TCP Connection(24)-127.0.0.1] o.s.c.n.e.s.EurekaServerBootstrap - Shutting down Eureka Server..
2023-05-11 18:06:05.686 INFO  [RMI TCP Connection(24)-127.0.0.1] c.n.e.DefaultEurekaServerContext - Shutting down ...
2023-05-11 18:06:05.703 INFO  [RMI TCP Connection(24)-127.0.0.1] c.n.e.DefaultEurekaServerContext - Shut down
2023-05-11 18:06:05.703 INFO  [RMI TCP Connection(24)-127.0.0.1] o.s.c.n.e.s.EurekaServerBootstrap - Eureka Service is now shutdown...
2023-05-11 18:06:05.704 INFO  [RMI TCP Connection(24)-127.0.0.1] c.n.e.DefaultEurekaServerContext - Shutting down ...
2023-05-11 18:06:05.710 INFO  [RMI TCP Connection(24)-127.0.0.1] c.n.e.DefaultEurekaServerContext - Shut down
2023-05-11 18:06:05.718 INFO  [RMI TCP Connection(24)-127.0.0.1] o.s.s.c.ThreadPoolTaskExecutor - Shutting down ExecutorService 'applicationTaskExecutor'
2023-05-11 18:06:05.721 INFO  [RMI TCP Connection(24)-127.0.0.1] o.s.o.j.LocalContainerEntityManagerFactoryBean - Closing JPA EntityManagerFactory for persistence unit 'default'
2023-05-11 18:06:05.728 INFO  [RMI TCP Connection(24)-127.0.0.1] com.zaxxer.hikari.HikariDataSource - HikariPool-1 - Shutdown initiated...
2023-05-11 18:06:05.744 INFO  [RMI TCP Connection(24)-127.0.0.1] com.zaxxer.hikari.HikariDataSource - HikariPool-1 - Shutdown completed.
2023-05-11 18:06:06.135 INFO  [RMI TCP Connection(24)-127.0.0.1] c.netflix.discovery.DiscoveryClient - Shutting down DiscoveryClient ...
2023-05-11 18:30:12.090 INFO  [main] c.r.s.HospitalManagementApplication - Starting HospitalManagementApplication using Java 17.0.6 on LAPTOP-5IVJGTKS with PID 17784 (C:\Users\Ruheena Zainab L\Downloads\PROJECT\HospitalManagement\target\classes started by Ruheena Zainab L in C:\Users\Ruheena Zainab L\Downloads\PROJECT\HospitalManagement)
2023-05-11 18:30:12.092 INFO  [main] c.r.s.HospitalManagementApplication - No active profile set, falling back to default profiles: default
2023-05-11 18:30:13.303 INFO  [main] o.s.d.r.c.RepositoryConfigurationDelegate - Bootstrapping Spring Data JPA repositories in DEFAULT mode.
2023-05-11 18:30:13.538 INFO  [main] o.s.d.r.c.RepositoryConfigurationDelegate - Finished Spring Data repository scanning in 221 ms. Found 3 JPA repository interfaces.
2023-05-11 18:30:13.983 INFO  [main] o.s.c.context.scope.GenericScope - BeanFactory id=6792b3c8-e756-348d-816f-6d6e354813f2
2023-05-11 18:30:14.824 INFO  [main] o.s.b.w.e.tomcat.TomcatWebServer - Tomcat initialized with port(s): 9002 (http)
2023-05-11 18:30:14.837 INFO  [main] o.a.coyote.http11.Http11NioProtocol - Initializing ProtocolHandler ["http-nio-9002"]
2023-05-11 18:30:14.838 INFO  [main] o.a.catalina.core.StandardService - Starting service [Tomcat]
2023-05-11 18:30:14.838 INFO  [main] o.a.catalina.core.StandardEngine - Starting Servlet engine: [Apache Tomcat/9.0.43]
2023-05-11 18:30:14.979 INFO  [main] o.a.c.c.C.[Tomcat].[localhost].[/] - Initializing Spring embedded WebApplicationContext
2023-05-11 18:30:14.980 INFO  [main] o.s.b.w.s.c.ServletWebServerApplicationContext - Root WebApplicationContext: initialization completed in 2819 ms
2023-05-11 18:30:16.797 INFO  [main] c.s.j.s.i.a.WebApplicationImpl - Initiating Jersey application, version 'Jersey: 1.19.4 05/24/2017 03:20 PM'
2023-05-11 18:30:16.874 INFO  [main] c.n.d.p.DiscoveryJerseyProvider - Using JSON encoding codec LegacyJacksonJson
2023-05-11 18:30:16.874 INFO  [main] c.n.d.p.DiscoveryJerseyProvider - Using JSON decoding codec LegacyJacksonJson
2023-05-11 18:30:17.062 INFO  [main] c.n.d.p.DiscoveryJerseyProvider - Using XML encoding codec XStreamXml
2023-05-11 18:30:17.062 INFO  [main] c.n.d.p.DiscoveryJerseyProvider - Using XML decoding codec XStreamXml
2023-05-11 18:30:17.622 INFO  [main] org.hibernate.Version - HHH000412: Hibernate ORM core version 5.4.28.Final
2023-05-11 18:30:17.817 INFO  [main] o.h.annotations.common.Version - HCANN000001: Hibernate Commons Annotations {5.1.2.Final}
2023-05-11 18:30:18.010 INFO  [main] com.zaxxer.hikari.HikariDataSource - HikariPool-1 - Starting...
2023-05-11 18:30:18.373 INFO  [main] com.zaxxer.hikari.HikariDataSource - HikariPool-1 - Start completed.
2023-05-11 18:30:18.406 INFO  [main] org.hibernate.dialect.Dialect - HHH000400: Using dialect: org.hibernate.dialect.MySQL8Dialect
2023-05-11 18:30:19.324 INFO  [main] o.h.e.t.j.p.i.JtaPlatformInitiator - HHH000490: Using JtaPlatform implementation: [org.hibernate.engine.transaction.jta.platform.internal.NoJtaPlatform]
2023-05-11 18:30:19.335 INFO  [main] o.s.o.j.LocalContainerEntityManagerFactoryBean - Initialized JPA EntityManagerFactory for persistence unit 'default'
2023-05-11 18:30:20.447 INFO  [main] o.s.s.c.ThreadPoolTaskExecutor - Initializing ExecutorService 'applicationTaskExecutor'
2023-05-11 18:30:21.464 INFO  [main] o.s.c.n.e.c.DiscoveryClientOptionalArgsConfiguration - Eureka HTTP Client uses Jersey
2023-05-11 18:30:21.920 INFO  [main] o.s.c.n.eureka.InstanceInfoFactory - Setting initial instance status as: STARTING
2023-05-11 18:30:21.959 INFO  [main] c.netflix.discovery.DiscoveryClient - Initializing Eureka in region us-east-1
2023-05-11 18:30:22.049 INFO  [main] c.n.d.p.DiscoveryJerseyProvider - Using JSON encoding codec LegacyJacksonJson
2023-05-11 18:30:22.049 INFO  [main] c.n.d.p.DiscoveryJerseyProvider - Using JSON decoding codec LegacyJacksonJson
2023-05-11 18:30:22.049 INFO  [main] c.n.d.p.DiscoveryJerseyProvider - Using XML encoding codec XStreamXml
2023-05-11 18:30:22.049 INFO  [main] c.n.d.p.DiscoveryJerseyProvider - Using XML decoding codec XStreamXml
2023-05-11 18:30:22.144 INFO  [main] c.n.d.s.r.aws.ConfigClusterResolver - Resolving eureka endpoints via configuration
2023-05-11 18:30:22.164 INFO  [main] c.netflix.discovery.DiscoveryClient - Disable delta property : false
2023-05-11 18:30:22.164 INFO  [main] c.netflix.discovery.DiscoveryClient - Single vip registry refresh property : null
2023-05-11 18:30:22.164 INFO  [main] c.netflix.discovery.DiscoveryClient - Force full registry fetch : false
2023-05-11 18:30:22.164 INFO  [main] c.netflix.discovery.DiscoveryClient - Application is null : false
2023-05-11 18:30:22.164 INFO  [main] c.netflix.discovery.DiscoveryClient - Registered Applications size is zero : true
2023-05-11 18:30:22.164 INFO  [main] c.netflix.discovery.DiscoveryClient - Application version is -1: true
2023-05-11 18:30:22.164 INFO  [main] c.netflix.discovery.DiscoveryClient - Getting all instance registry info from the eureka server
2023-05-11 18:30:22.347 INFO  [main] c.netflix.discovery.DiscoveryClient - The response status is 200
2023-05-11 18:30:22.350 INFO  [main] c.netflix.discovery.DiscoveryClient - Starting heartbeat executor: renew interval is: 30
2023-05-11 18:30:22.353 INFO  [main] c.n.d.InstanceInfoReplicator - InstanceInfoReplicator onDemand update allowed rate per min is 4
2023-05-11 18:30:22.357 INFO  [main] c.netflix.discovery.DiscoveryClient - Discovery Client initialized at timestamp 1683810022356 with initial instances count: 1
2023-05-11 18:30:22.413 INFO  [main] c.n.e.DefaultEurekaServerContext - Initializing ...
2023-05-11 18:30:22.414 INFO  [main] c.n.eureka.cluster.PeerEurekaNodes - Adding new peer nodes [http://localhost:8761/eureka/]
2023-05-11 18:30:22.418 INFO  [main] c.n.d.p.DiscoveryJerseyProvider - Using JSON encoding codec LegacyJacksonJson
2023-05-11 18:30:22.418 INFO  [main] c.n.d.p.DiscoveryJerseyProvider - Using JSON decoding codec LegacyJacksonJson
2023-05-11 18:30:22.418 INFO  [main] c.n.d.p.DiscoveryJerseyProvider - Using XML encoding codec XStreamXml
2023-05-11 18:30:22.418 INFO  [main] c.n.d.p.DiscoveryJerseyProvider - Using XML decoding codec XStreamXml
2023-05-11 18:30:22.480 INFO  [main] c.n.eureka.cluster.PeerEurekaNodes - Replica node URL:  http://localhost:8761/eureka/
2023-05-11 18:30:22.489 INFO  [main] c.n.e.r.AbstractInstanceRegistry - Finished initializing remote region registries. All known remote regions: []
2023-05-11 18:30:22.490 INFO  [main] c.n.e.DefaultEurekaServerContext - Initialized
2023-05-11 18:30:22.584 INFO  [main] o.s.b.a.e.web.EndpointLinksResolver - Exposing 2 endpoint(s) beneath base path '/actuator'
2023-05-11 18:30:22.683 INFO  [main] o.s.c.n.e.s.EurekaServiceRegistry - Registering application HOSPITAL-MANAGEMENT with eureka with status UP
2023-05-11 18:30:22.684 INFO  [main] c.netflix.discovery.DiscoveryClient - Saw local status change event StatusChangeEvent [timestamp=1683810022684, current=UP, previous=STARTING]
2023-05-11 18:30:22.688 INFO  [DiscoveryClient-InstanceInfoReplicator-0] c.netflix.discovery.DiscoveryClient - DiscoveryClient_HOSPITAL-MANAGEMENT/LAPTOP-5IVJGTKS:HOSPITAL-MANAGEMENT:9002: registering service...
2023-05-11 18:30:22.688 INFO  [main] o.a.coyote.http11.Http11NioProtocol - Starting ProtocolHandler ["http-nio-9002"]
2023-05-11 18:30:22.704 INFO  [Thread-9] o.s.c.n.e.s.EurekaServerBootstrap - isAws returned false
2023-05-11 18:30:22.705 INFO  [Thread-9] o.s.c.n.e.s.EurekaServerBootstrap - Initialized server context
2023-05-11 18:30:22.714 INFO  [Thread-9] c.n.e.r.AbstractInstanceRegistry - Registered instance BILLING-MANAGEMENT/LAPTOP-5IVJGTKS:BILLING-MANAGEMENT:9001 with status UP (replication=true)
2023-05-11 18:30:22.716 INFO  [Thread-9] c.n.e.r.PeerAwareInstanceRegistryImpl - Got 1 instances from neighboring DS node
2023-05-11 18:30:22.716 INFO  [Thread-9] c.n.e.r.PeerAwareInstanceRegistryImpl - Renew threshold is: 1
2023-05-11 18:30:22.716 INFO  [Thread-9] c.n.e.r.PeerAwareInstanceRegistryImpl - Changing status to UP
2023-05-11 18:30:22.724 INFO  [Thread-9] o.s.c.n.e.s.EurekaServerInitializerConfiguration - Started Eureka Server
2023-05-11 18:30:22.729 INFO  [main] o.s.b.w.e.tomcat.TomcatWebServer - Tomcat started on port(s): 9002 (http) with context path ''
2023-05-11 18:30:22.730 INFO  [main] o.s.c.n.e.s.EurekaAutoServiceRegistration - Updating port to 9002
2023-05-11 18:30:22.731 INFO  [DiscoveryClient-InstanceInfoReplicator-0] c.netflix.discovery.DiscoveryClient - DiscoveryClient_HOSPITAL-MANAGEMENT/LAPTOP-5IVJGTKS:HOSPITAL-MANAGEMENT:9002 - registration status: 204
2023-05-11 18:30:22.977 INFO  [main] c.r.s.HospitalManagementApplication - Started HospitalManagementApplication in 11.595 seconds (JVM running for 12.824)
2023-05-11 18:30:23.922 INFO  [RMI TCP Connection(9)-127.0.0.1] o.a.c.c.C.[Tomcat].[localhost].[/] - Initializing Spring DispatcherServlet 'dispatcherServlet'
2023-05-11 18:30:23.922 INFO  [RMI TCP Connection(9)-127.0.0.1] o.s.web.servlet.DispatcherServlet - Initializing Servlet 'dispatcherServlet'
2023-05-11 18:30:23.926 INFO  [RMI TCP Connection(9)-127.0.0.1] o.s.web.servlet.DispatcherServlet - Completed initialization in 4 ms
2023-05-11 18:31:22.720 INFO  [Eureka-EvictionTimer] c.n.e.r.AbstractInstanceRegistry - Running the evict task with compensationTime 0ms
2023-05-11 18:31:46.503 INFO  [RMI TCP Connection(14)-127.0.0.1] o.s.b.a.SpringApplicationAdminMXBeanRegistrar$SpringApplicationAdmin - Application shutdown requested.
2023-05-11 18:31:46.504 INFO  [RMI TCP Connection(14)-127.0.0.1] o.s.c.n.e.s.EurekaServiceRegistry - Unregistering application HOSPITAL-MANAGEMENT with eureka with status DOWN
2023-05-11 18:31:46.504 INFO  [RMI TCP Connection(14)-127.0.0.1] c.netflix.discovery.DiscoveryClient - Saw local status change event StatusChangeEvent [timestamp=1683810106504, current=DOWN, previous=UP]
2023-05-11 18:31:46.504 INFO  [DiscoveryClient-InstanceInfoReplicator-0] c.netflix.discovery.DiscoveryClient - DiscoveryClient_HOSPITAL-MANAGEMENT/LAPTOP-5IVJGTKS:HOSPITAL-MANAGEMENT:9002: registering service...
2023-05-11 18:31:46.523 INFO  [DiscoveryClient-InstanceInfoReplicator-0] c.n.d.s.t.d.RedirectingEurekaHttpClient - Request execution error. endpoint=DefaultEndpoint{ serviceUrl='http://localhost:8761/eureka/} exception=java.net.ConnectException: Connection refused: no further information stacktrace=com.sun.jersey.api.client.ClientHandlerException: java.net.ConnectException: Connection refused: no further information
	at com.sun.jersey.client.apache4.ApacheHttpClient4Handler.handle(ApacheHttpClient4Handler.java:187)
	at com.sun.jersey.api.client.filter.GZIPContentEncodingFilter.handle(GZIPContentEncodingFilter.java:123)
	at com.netflix.discovery.EurekaIdentityHeaderFilter.handle(EurekaIdentityHeaderFilter.java:27)
	at com.sun.jersey.api.client.Client.handle(Client.java:652)
	at com.sun.jersey.api.client.WebResource.handle(WebResource.java:682)
	at com.sun.jersey.api.client.WebResource.access$200(WebResource.java:74)
	at com.sun.jersey.api.client.WebResource$Builder.post(WebResource.java:570)
	at com.netflix.discovery.shared.transport.jersey.AbstractJerseyEurekaHttpClient.register(AbstractJerseyEurekaHttpClient.java:57)
	at com.netflix.discovery.shared.transport.decorator.EurekaHttpClientDecorator$1.execute(EurekaHttpClientDecorator.java:59)
	at com.netflix.discovery.shared.transport.decorator.MetricsCollectingEurekaHttpClient.execute(MetricsCollectingEurekaHttpClient.java:73)
	at com.netflix.discovery.shared.transport.decorator.EurekaHttpClientDecorator.register(EurekaHttpClientDecorator.java:56)
	at com.netflix.discovery.shared.transport.decorator.EurekaHttpClientDecorator$1.execute(EurekaHttpClientDecorator.java:59)
	at com.netflix.discovery.shared.transport.decorator.RedirectingEurekaHttpClient.execute(RedirectingEurekaHttpClient.java:91)
	at com.netflix.discovery.shared.transport.decorator.EurekaHttpClientDecorator.register(EurekaHttpClientDecorator.java:56)
	at com.netflix.discovery.shared.transport.decorator.EurekaHttpClientDecorator$1.execute(EurekaHttpClientDecorator.java:59)
	at com.netflix.discovery.shared.transport.decorator.RetryableEurekaHttpClient.execute(RetryableEurekaHttpClient.java:120)
	at com.netflix.discovery.shared.transport.decorator.EurekaHttpClientDecorator.register(EurekaHttpClientDecorator.java:56)
	at com.netflix.discovery.shared.transport.decorator.EurekaHttpClientDecorator$1.execute(EurekaHttpClientDecorator.java:59)
	at com.netflix.discovery.shared.transport.decorator.SessionedEurekaHttpClient.execute(SessionedEurekaHttpClient.java:77)
	at com.netflix.discovery.shared.transport.decorator.EurekaHttpClientDecorator.register(EurekaHttpClientDecorator.java:56)
	at com.netflix.discovery.DiscoveryClient.register(DiscoveryClient.java:876)
	at com.netflix.discovery.InstanceInfoReplicator.run(InstanceInfoReplicator.java:121)
	at com.netflix.discovery.InstanceInfoReplicator$1.run(InstanceInfoReplicator.java:101)
	at java.base/java.util.concurrent.Executors$RunnableAdapter.call(Executors.java:539)
	at java.base/java.util.concurrent.FutureTask.run(FutureTask.java:264)
	at java.base/java.util.concurrent.ScheduledThreadPoolExecutor$ScheduledFutureTask.run(ScheduledThreadPoolExecutor.java:304)
	at java.base/java.util.concurrent.ThreadPoolExecutor.runWorker(ThreadPoolExecutor.java:1136)
	at java.base/java.util.concurrent.ThreadPoolExecutor$Worker.run(ThreadPoolExecutor.java:635)
	at java.base/java.lang.Thread.run(Thread.java:833)
Caused by: java.net.ConnectException: Connection refused: no further information
	at java.base/sun.nio.ch.Net.pollConnect(Native Method)
	at java.base/sun.nio.ch.Net.pollConnectNow(Net.java:672)
	at java.base/sun.nio.ch.NioSocketImpl.timedFinishConnect(NioSocketImpl.java:542)
	at java.base/sun.nio.ch.NioSocketImpl.connect(NioSocketImpl.java:597)
	at java.base/java.net.SocksSocketImpl.connect(SocksSocketImpl.java:327)
	at java.base/java.net.Socket.connect(Socket.java:633)
	at org.apache.http.conn.scheme.PlainSocketFactory.connectSocket(PlainSocketFactory.java:121)
	at org.apache.http.impl.conn.DefaultClientConnectionOperator.openConnection(DefaultClientConnectionOperator.java:180)
	at org.apache.http.impl.conn.AbstractPoolEntry.open(AbstractPoolEntry.java:144)
	at org.apache.http.impl.conn.AbstractPooledConnAdapter.open(AbstractPooledConnAdapter.java:134)
	at org.apache.http.impl.client.DefaultRequestDirector.tryConnect(DefaultRequestDirector.java:605)
	at org.apache.http.impl.client.DefaultRequestDirector.execute(DefaultRequestDirector.java:440)
	at org.apache.http.impl.client.AbstractHttpClient.doExecute(AbstractHttpClient.java:835)
	at org.apache.http.impl.client.CloseableHttpClient.execute(CloseableHttpClient.java:118)
	at org.apache.http.impl.client.CloseableHttpClient.execute(CloseableHttpClient.java:56)
	at com.sun.jersey.client.apache4.ApacheHttpClient4Handler.handle(ApacheHttpClient4Handler.java:173)
	... 28 more

2023-05-11 18:31:46.537 INFO  [DiscoveryClient-InstanceInfoReplicator-0] c.n.d.s.t.d.RedirectingEurekaHttpClient - Request execution error. endpoint=DefaultEndpoint{ serviceUrl='http://localhost:8761/eureka/}, exception=java.net.ConnectException: Connection refused: no further information stacktrace=com.sun.jersey.api.client.ClientHandlerException: java.net.ConnectException: Connection refused: no further information
	at com.sun.jersey.client.apache4.ApacheHttpClient4Handler.handle(ApacheHttpClient4Handler.java:187)
	at com.sun.jersey.api.client.filter.GZIPContentEncodingFilter.handle(GZIPContentEncodingFilter.java:123)
	at com.netflix.discovery.EurekaIdentityHeaderFilter.handle(EurekaIdentityHeaderFilter.java:27)
	at com.sun.jersey.api.client.Client.handle(Client.java:652)
	at com.sun.jersey.api.client.WebResource.handle(WebResource.java:682)
	at com.sun.jersey.api.client.WebResource.access$200(WebResource.java:74)
	at com.sun.jersey.api.client.WebResource$Builder.post(WebResource.java:570)
	at com.netflix.discovery.shared.transport.jersey.AbstractJerseyEurekaHttpClient.register(AbstractJerseyEurekaHttpClient.java:57)
	at com.netflix.discovery.shared.transport.decorator.EurekaHttpClientDecorator$1.execute(EurekaHttpClientDecorator.java:59)
	at com.netflix.discovery.shared.transport.decorator.MetricsCollectingEurekaHttpClient.execute(MetricsCollectingEurekaHttpClient.java:73)
	at com.netflix.discovery.shared.transport.decorator.EurekaHttpClientDecorator.register(EurekaHttpClientDecorator.java:56)
	at com.netflix.discovery.shared.transport.decorator.EurekaHttpClientDecorator$1.execute(EurekaHttpClientDecorator.java:59)
	at com.netflix.discovery.shared.transport.decorator.RedirectingEurekaHttpClient.executeOnNewServer(RedirectingEurekaHttpClient.java:121)
	at com.netflix.discovery.shared.transport.decorator.RedirectingEurekaHttpClient.execute(RedirectingEurekaHttpClient.java:80)
	at com.netflix.discovery.shared.transport.decorator.EurekaHttpClientDecorator.register(EurekaHttpClientDecorator.java:56)
	at com.netflix.discovery.shared.transport.decorator.EurekaHttpClientDecorator$1.execute(EurekaHttpClientDecorator.java:59)
	at com.netflix.discovery.shared.transport.decorator.RetryableEurekaHttpClient.execute(RetryableEurekaHttpClient.java:120)
	at com.netflix.discovery.shared.transport.decorator.EurekaHttpClientDecorator.register(EurekaHttpClientDecorator.java:56)
	at com.netflix.discovery.shared.transport.decorator.EurekaHttpClientDecorator$1.execute(EurekaHttpClientDecorator.java:59)
	at com.netflix.discovery.shared.transport.decorator.SessionedEurekaHttpClient.execute(SessionedEurekaHttpClient.java:77)
	at com.netflix.discovery.shared.transport.decorator.EurekaHttpClientDecorator.register(EurekaHttpClientDecorator.java:56)
	at com.netflix.discovery.DiscoveryClient.register(DiscoveryClient.java:876)
	at com.netflix.discovery.InstanceInfoReplicator.run(InstanceInfoReplicator.java:121)
	at com.netflix.discovery.InstanceInfoReplicator$1.run(InstanceInfoReplicator.java:101)
	at java.base/java.util.concurrent.Executors$RunnableAdapter.call(Executors.java:539)
	at java.base/java.util.concurrent.FutureTask.run(FutureTask.java:264)
	at java.base/java.util.concurrent.ScheduledThreadPoolExecutor$ScheduledFutureTask.run(ScheduledThreadPoolExecutor.java:304)
	at java.base/java.util.concurrent.ThreadPoolExecutor.runWorker(ThreadPoolExecutor.java:1136)
	at java.base/java.util.concurrent.ThreadPoolExecutor$Worker.run(ThreadPoolExecutor.java:635)
	at java.base/java.lang.Thread.run(Thread.java:833)
Caused by: java.net.ConnectException: Connection refused: no further information
	at java.base/sun.nio.ch.Net.pollConnect(Native Method)
	at java.base/sun.nio.ch.Net.pollConnectNow(Net.java:672)
	at java.base/sun.nio.ch.NioSocketImpl.timedFinishConnect(NioSocketImpl.java:542)
	at java.base/sun.nio.ch.NioSocketImpl.connect(NioSocketImpl.java:597)
	at java.base/java.net.SocksSocketImpl.connect(SocksSocketImpl.java:327)
	at java.base/java.net.Socket.connect(Socket.java:633)
	at org.apache.http.conn.scheme.PlainSocketFactory.connectSocket(PlainSocketFactory.java:121)
	at org.apache.http.impl.conn.DefaultClientConnectionOperator.openConnection(DefaultClientConnectionOperator.java:180)
	at org.apache.http.impl.conn.AbstractPoolEntry.open(AbstractPoolEntry.java:144)
	at org.apache.http.impl.conn.AbstractPooledConnAdapter.open(AbstractPooledConnAdapter.java:134)
	at org.apache.http.impl.client.DefaultRequestDirector.tryConnect(DefaultRequestDirector.java:605)
	at org.apache.http.impl.client.DefaultRequestDirector.execute(DefaultRequestDirector.java:440)
	at org.apache.http.impl.client.AbstractHttpClient.doExecute(AbstractHttpClient.java:835)
	at org.apache.http.impl.client.CloseableHttpClient.execute(CloseableHttpClient.java:118)
	at org.apache.http.impl.client.CloseableHttpClient.execute(CloseableHttpClient.java:56)
	at com.sun.jersey.client.apache4.ApacheHttpClient4Handler.handle(ApacheHttpClient4Handler.java:173)
	... 29 more

2023-05-11 18:31:46.542 INFO  [RMI TCP Connection(14)-127.0.0.1] o.s.c.n.e.s.EurekaServerBootstrap - Shutting down Eureka Server..
2023-05-11 18:31:46.545 INFO  [RMI TCP Connection(14)-127.0.0.1] c.n.e.DefaultEurekaServerContext - Shutting down ...
2023-05-11 18:31:46.556 INFO  [RMI TCP Connection(14)-127.0.0.1] c.n.e.DefaultEurekaServerContext - Shut down
2023-05-11 18:31:46.556 INFO  [RMI TCP Connection(14)-127.0.0.1] o.s.c.n.e.s.EurekaServerBootstrap - Eureka Service is now shutdown...
2023-05-11 18:31:46.556 INFO  [RMI TCP Connection(14)-127.0.0.1] c.n.e.DefaultEurekaServerContext - Shutting down ...
2023-05-11 18:31:46.561 INFO  [RMI TCP Connection(14)-127.0.0.1] c.n.e.DefaultEurekaServerContext - Shut down
2023-05-11 18:31:46.565 INFO  [RMI TCP Connection(14)-127.0.0.1] o.s.s.c.ThreadPoolTaskExecutor - Shutting down ExecutorService 'applicationTaskExecutor'
2023-05-11 18:31:46.567 INFO  [RMI TCP Connection(14)-127.0.0.1] o.s.o.j.LocalContainerEntityManagerFactoryBean - Closing JPA EntityManagerFactory for persistence unit 'default'
2023-05-11 18:31:46.570 INFO  [RMI TCP Connection(14)-127.0.0.1] com.zaxxer.hikari.HikariDataSource - HikariPool-1 - Shutdown initiated...
2023-05-11 18:31:46.581 INFO  [RMI TCP Connection(14)-127.0.0.1] com.zaxxer.hikari.HikariDataSource - HikariPool-1 - Shutdown completed.
2023-05-11 18:31:47.596 INFO  [RMI TCP Connection(14)-127.0.0.1] c.netflix.discovery.DiscoveryClient - Shutting down DiscoveryClient ...
2023-05-11 18:31:50.604 INFO  [RMI TCP Connection(14)-127.0.0.1] c.netflix.discovery.DiscoveryClient - Unregistering ...
2023-05-11 18:31:50.636 INFO  [RMI TCP Connection(14)-127.0.0.1] c.n.d.s.t.d.RedirectingEurekaHttpClient - Request execution error. endpoint=DefaultEndpoint{ serviceUrl='http://localhost:8761/eureka/}, exception=java.net.ConnectException: Connection refused: no further information stacktrace=com.sun.jersey.api.client.ClientHandlerException: java.net.ConnectException: Connection refused: no further information
	at com.sun.jersey.client.apache4.ApacheHttpClient4Handler.handle(ApacheHttpClient4Handler.java:187)
	at com.sun.jersey.api.client.filter.GZIPContentEncodingFilter.handle(GZIPContentEncodingFilter.java:123)
	at com.netflix.discovery.EurekaIdentityHeaderFilter.handle(EurekaIdentityHeaderFilter.java:27)
	at com.sun.jersey.api.client.Client.handle(Client.java:652)
	at com.sun.jersey.api.client.WebResource.handle(WebResource.java:682)
	at com.sun.jersey.api.client.WebResource.access$200(WebResource.java:74)
	at com.sun.jersey.api.client.WebResource$Builder.delete(WebResource.java:591)
	at com.netflix.discovery.shared.transport.jersey.AbstractJerseyEurekaHttpClient.cancel(AbstractJerseyEurekaHttpClient.java:77)
	at com.netflix.discovery.shared.transport.decorator.EurekaHttpClientDecorator$2.execute(EurekaHttpClientDecorator.java:74)
	at com.netflix.discovery.shared.transport.decorator.MetricsCollectingEurekaHttpClient.execute(MetricsCollectingEurekaHttpClient.java:73)
	at com.netflix.discovery.shared.transport.decorator.EurekaHttpClientDecorator.cancel(EurekaHttpClientDecorator.java:71)
	at com.netflix.discovery.shared.transport.decorator.EurekaHttpClientDecorator$2.execute(EurekaHttpClientDecorator.java:74)
	at com.netflix.discovery.shared.transport.decorator.RedirectingEurekaHttpClient.executeOnNewServer(RedirectingEurekaHttpClient.java:121)
	at com.netflix.discovery.shared.transport.decorator.RedirectingEurekaHttpClient.execute(RedirectingEurekaHttpClient.java:80)
	at com.netflix.discovery.shared.transport.decorator.EurekaHttpClientDecorator.cancel(EurekaHttpClientDecorator.java:71)
	at com.netflix.discovery.shared.transport.decorator.EurekaHttpClientDecorator$2.execute(EurekaHttpClientDecorator.java:74)
	at com.netflix.discovery.shared.transport.decorator.RetryableEurekaHttpClient.execute(RetryableEurekaHttpClient.java:120)
	at com.netflix.discovery.shared.transport.decorator.EurekaHttpClientDecorator.cancel(EurekaHttpClientDecorator.java:71)
	at com.netflix.discovery.shared.transport.decorator.EurekaHttpClientDecorator$2.execute(EurekaHttpClientDecorator.java:74)
	at com.netflix.discovery.shared.transport.decorator.SessionedEurekaHttpClient.execute(SessionedEurekaHttpClient.java:77)
	at com.netflix.discovery.shared.transport.decorator.EurekaHttpClientDecorator.cancel(EurekaHttpClientDecorator.java:71)
	at com.netflix.discovery.DiscoveryClient.unregister(DiscoveryClient.java:972)
	at com.netflix.discovery.DiscoveryClient.shutdown(DiscoveryClient.java:948)
	at java.base/jdk.internal.reflect.NativeMethodAccessorImpl.invoke0(Native Method)
	at java.base/jdk.internal.reflect.NativeMethodAccessorImpl.invoke(NativeMethodAccessorImpl.java:77)
	at java.base/jdk.internal.reflect.DelegatingMethodAccessorImpl.invoke(DelegatingMethodAccessorImpl.java:43)
	at java.base/java.lang.reflect.Method.invoke(Method.java:568)
	at org.springframework.beans.factory.annotation.InitDestroyAnnotationBeanPostProcessor$LifecycleElement.invoke(InitDestroyAnnotationBeanPostProcessor.java:389)
	at org.springframework.beans.factory.annotation.InitDestroyAnnotationBeanPostProcessor$LifecycleMetadata.invokeDestroyMethods(InitDestroyAnnotationBeanPostProcessor.java:347)
	at org.springframework.beans.factory.annotation.InitDestroyAnnotationBeanPostProcessor.postProcessBeforeDestruction(InitDestroyAnnotationBeanPostProcessor.java:177)
	at org.springframework.beans.factory.support.DisposableBeanAdapter.destroy(DisposableBeanAdapter.java:184)
	at org.springframework.beans.factory.support.DisposableBeanAdapter.run(DisposableBeanAdapter.java:177)
	at org.springframework.cloud.context.scope.GenericScope$BeanLifecycleWrapper.destroy(GenericScope.java:390)
	at org.springframework.cloud.context.scope.GenericScope.destroy(GenericScope.java:136)
	at org.springframework.beans.factory.support.DisposableBeanAdapter.destroy(DisposableBeanAdapter.java:200)
	at org.springframework.beans.factory.support.DefaultSingletonBeanRegistry.destroyBean(DefaultSingletonBeanRegistry.java:587)
	at org.springframework.beans.factory.support.DefaultSingletonBeanRegistry.destroySingleton(DefaultSingletonBeanRegistry.java:559)
	at org.springframework.beans.factory.support.DefaultListableBeanFactory.destroySingleton(DefaultListableBeanFactory.java:1152)
	at org.springframework.beans.factory.support.DefaultSingletonBeanRegistry.destroySingletons(DefaultSingletonBeanRegistry.java:520)
	at org.springframework.beans.factory.support.DefaultListableBeanFactory.destroySingletons(DefaultListableBeanFactory.java:1145)
	at org.springframework.context.support.AbstractApplicationContext.destroyBeans(AbstractApplicationContext.java:1105)
	at org.springframework.context.support.AbstractApplicationContext.doClose(AbstractApplicationContext.java:1074)
	at org.springframework.boot.web.servlet.context.ServletWebServerApplicationContext.doClose(ServletWebServerApplicationContext.java:171)
	at org.springframework.context.support.AbstractApplicationContext.close(AbstractApplicationContext.java:1020)
	at org.springframework.boot.admin.SpringApplicationAdminMXBeanRegistrar$SpringApplicationAdmin.shutdown(SpringApplicationAdminMXBeanRegistrar.java:160)
	at java.base/jdk.internal.reflect.NativeMethodAccessorImpl.invoke0(Native Method)
	at java.base/jdk.internal.reflect.NativeMethodAccessorImpl.invoke(NativeMethodAccessorImpl.java:77)
	at java.base/jdk.internal.reflect.DelegatingMethodAccessorImpl.invoke(DelegatingMethodAccessorImpl.java:43)
	at java.base/java.lang.reflect.Method.invoke(Method.java:568)
	at sun.reflect.misc.Trampoline.invoke(MethodUtil.java:72)
	at java.base/jdk.internal.reflect.NativeMethodAccessorImpl.invoke0(Native Method)
	at java.base/jdk.internal.reflect.NativeMethodAccessorImpl.invoke(NativeMethodAccessorImpl.java:77)
	at java.base/jdk.internal.reflect.DelegatingMethodAccessorImpl.invoke(DelegatingMethodAccessorImpl.java:43)
	at java.base/java.lang.reflect.Method.invoke(Method.java:568)
	at java.base/sun.reflect.misc.MethodUtil.invoke(MethodUtil.java:262)
	at java.management/com.sun.jmx.mbeanserver.ConvertingMethod.invokeWithOpenReturn(ConvertingMethod.java:193)
	at java.management/com.sun.jmx.mbeanserver.ConvertingMethod.invokeWithOpenReturn(ConvertingMethod.java:175)
	at java.management/com.sun.jmx.mbeanserver.MXBeanIntrospector.invokeM2(MXBeanIntrospector.java:117)
	at java.management/com.sun.jmx.mbeanserver.MXBeanIntrospector.invokeM2(MXBeanIntrospector.java:54)
	at java.management/com.sun.jmx.mbeanserver.MBeanIntrospector.invokeM(MBeanIntrospector.java:237)
	at java.management/com.sun.jmx.mbeanserver.PerInterface.invoke(PerInterface.java:138)
	at java.management/com.sun.jmx.mbeanserver.MBeanSupport.invoke(MBeanSupport.java:252)
	at java.management/com.sun.jmx.interceptor.DefaultMBeanServerInterceptor.invoke(DefaultMBeanServerInterceptor.java:814)
	at java.management/com.sun.jmx.mbeanserver.JmxMBeanServer.invoke(JmxMBeanServer.java:802)
	at java.management.rmi/javax.management.remote.rmi.RMIConnectionImpl.doOperation(RMIConnectionImpl.java:1472)
	at java.management.rmi/javax.management.remote.rmi.RMIConnectionImpl$PrivilegedOperation.run(RMIConnectionImpl.java:1310)
	at java.management.rmi/javax.management.remote.rmi.RMIConnectionImpl.doPrivilegedOperation(RMIConnectionImpl.java:1405)
	at java.management.rmi/javax.management.remote.rmi.RMIConnectionImpl.invoke(RMIConnectionImpl.java:829)
	at java.base/jdk.internal.reflect.GeneratedMethodAccessor100.invoke(Unknown Source)
	at java.base/jdk.internal.reflect.DelegatingMethodAccessorImpl.invoke(DelegatingMethodAccessorImpl.java:43)
	at java.base/java.lang.reflect.Method.invoke(Method.java:568)
	at java.rmi/sun.rmi.server.UnicastServerRef.dispatch(UnicastServerRef.java:360)
	at java.rmi/sun.rmi.transport.Transport$1.run(Transport.java:200)
	at java.rmi/sun.rmi.transport.Transport$1.run(Transport.java:197)
	at java.base/java.security.AccessController.doPrivileged(AccessController.java:712)
	at java.rmi/sun.rmi.transport.Transport.serviceCall(Transport.java:196)
	at java.rmi/sun.rmi.transport.tcp.TCPTransport.handleMessages(TCPTransport.java:587)
	at java.rmi/sun.rmi.transport.tcp.TCPTransport$ConnectionHandler.run0(TCPTransport.java:828)
	at java.rmi/sun.rmi.transport.tcp.TCPTransport$ConnectionHandler.lambda$run$0(TCPTransport.java:705)
	at java.base/java.security.AccessController.doPrivileged(AccessController.java:399)
	at java.rmi/sun.rmi.transport.tcp.TCPTransport$ConnectionHandler.run(TCPTransport.java:704)
	at java.base/java.util.concurrent.ThreadPoolExecutor.runWorker(ThreadPoolExecutor.java:1136)
	at java.base/java.util.concurrent.ThreadPoolExecutor$Worker.run(ThreadPoolExecutor.java:635)
	at java.base/java.lang.Thread.run(Thread.java:833)
Caused by: java.net.ConnectException: Connection refused: no further information
	at java.base/sun.nio.ch.Net.pollConnect(Native Method)
	at java.base/sun.nio.ch.Net.pollConnectNow(Net.java:672)
	at java.base/sun.nio.ch.NioSocketImpl.timedFinishConnect(NioSocketImpl.java:542)
	at java.base/sun.nio.ch.NioSocketImpl.connect(NioSocketImpl.java:597)
	at java.base/java.net.SocksSocketImpl.connect(SocksSocketImpl.java:327)
	at java.base/java.net.Socket.connect(Socket.java:633)
	at org.apache.http.conn.scheme.PlainSocketFactory.connectSocket(PlainSocketFactory.java:121)
	at org.apache.http.impl.conn.DefaultClientConnectionOperator.openConnection(DefaultClientConnectionOperator.java:180)
	at org.apache.http.impl.conn.AbstractPoolEntry.open(AbstractPoolEntry.java:144)
	at org.apache.http.impl.conn.AbstractPooledConnAdapter.open(AbstractPooledConnAdapter.java:134)
	at org.apache.http.impl.client.DefaultRequestDirector.tryConnect(DefaultRequestDirector.java:605)
	at org.apache.http.impl.client.DefaultRequestDirector.execute(DefaultRequestDirector.java:440)
	at org.apache.http.impl.client.AbstractHttpClient.doExecute(AbstractHttpClient.java:835)
	at org.apache.http.impl.client.CloseableHttpClient.execute(CloseableHttpClient.java:118)
	at org.apache.http.impl.client.CloseableHttpClient.execute(CloseableHttpClient.java:56)
	at com.sun.jersey.client.apache4.ApacheHttpClient4Handler.handle(ApacheHttpClient4Handler.java:173)
	... 83 more

2023-05-11 18:31:50.655 INFO  [RMI TCP Connection(14)-127.0.0.1] c.netflix.discovery.DiscoveryClient - Completed shut down of DiscoveryClient
