2023-05-16 14:06:25,542 [main] INFO  BillingManagementApplication - Starting BillingManagementApplication using Java 17.0.6 on LAPTOP-5IVJGTKS with PID 13104 (C:\Users\Ruheena Zainab L\Downloads\PROJECT\billing-management\target\classes started by Ruheena Zainab L in C:\Users\Ruheena Zainab L\Downloads\PROJECT\billing-management)
2023-05-16 14:06:25,561 [main] DEBUG BillingManagementApplication - Running with Spring Boot v2.7.8, Spring v5.3.25
2023-05-16 14:06:25,563 [main] INFO  BillingManagementApplication - No active profile set, falling back to 1 default profile: "default"
2023-05-16 14:06:27,324 [main] INFO  RepositoryConfigurationDelegate - Bootstrapping Spring Data JPA repositories in DEFAULT mode.
2023-05-16 14:06:27,605 [main] INFO  RepositoryConfigurationDelegate - Finished Spring Data repository scanning in 260 ms. Found 1 JPA repository interfaces.
2023-05-16 14:06:28,020 [main] INFO  GenericScope - BeanFactory id=df7ecebe-6b16-3969-bf40-320902b797fb
2023-05-16 14:06:28,673 [main] INFO  TomcatWebServer - Tomcat initialized with port(s): 9001 (http)
2023-05-16 14:06:28,698 [main] INFO  Http11NioProtocol - Initializing ProtocolHandler ["http-nio-9001"]
2023-05-16 14:06:28,699 [main] INFO  StandardService - Starting service [Tomcat]
2023-05-16 14:06:28,699 [main] INFO  StandardEngine - Starting Servlet engine: [Apache Tomcat/9.0.71]
2023-05-16 14:06:28,932 [main] INFO  [/] - Initializing Spring embedded WebApplicationContext
2023-05-16 14:06:28,933 [main] INFO  ServletWebServerApplicationContext - Root WebApplicationContext: initialization completed in 3225 ms
2023-05-16 14:06:29,612 [main] INFO  WebApplicationImpl - Initiating Jersey application, version 'Jersey: 1.19.4 05/24/2017 03:20 PM'
2023-05-16 14:06:29,720 [main] INFO  DiscoveryJerseyProvider - Using JSON encoding codec LegacyJacksonJson
2023-05-16 14:06:29,722 [main] INFO  DiscoveryJerseyProvider - Using JSON decoding codec LegacyJacksonJson
2023-05-16 14:06:30,009 [main] INFO  DiscoveryJerseyProvider - Using XML encoding codec XStreamXml
2023-05-16 14:06:30,009 [main] INFO  DiscoveryJerseyProvider - Using XML decoding codec XStreamXml
2023-05-16 14:06:30,738 [main] INFO  LogHelper - HHH000204: Processing PersistenceUnitInfo [name: default]
2023-05-16 14:06:30,889 [main] INFO  Version - HHH000412: Hibernate ORM core version 5.6.14.Final
2023-05-16 14:06:31,224 [main] INFO  Version - HCANN000001: Hibernate Commons Annotations {5.1.2.Final}
2023-05-16 14:06:31,479 [main] INFO  HikariDataSource - HikariPool-1 - Starting...
2023-05-16 14:06:32,152 [main] INFO  HikariDataSource - HikariPool-1 - Start completed.
2023-05-16 14:06:32,314 [main] INFO  Dialect - HHH000400: Using dialect: org.hibernate.dialect.MySQL8Dialect
2023-05-16 14:06:33,574 [main] INFO  JtaPlatformInitiator - HHH000490: Using JtaPlatform implementation: [org.hibernate.engine.transaction.jta.platform.internal.NoJtaPlatform]
2023-05-16 14:06:33,590 [main] INFO  LocalContainerEntityManagerFactoryBean - Initialized JPA EntityManagerFactory for persistence unit 'default'
2023-05-16 14:06:34,231 [main] WARN  JpaBaseConfiguration$JpaWebConfiguration - spring.jpa.open-in-view is enabled by default. Therefore, database queries may be performed during view rendering. Explicitly configure spring.jpa.open-in-view to disable this warning
2023-05-16 14:06:35,648 [main] INFO  DiscoveryClientOptionalArgsConfiguration - Eureka HTTP Client uses Jersey
2023-05-16 14:06:35,746 [main] WARN  LoadBalancerCacheAutoConfiguration$LoadBalancerCaffeineWarnLogger - Spring Cloud LoadBalancer is currently working with the default cache. While this cache implementation is useful for development and tests, it's recommended to use Caffeine cache in production.You can switch to using Caffeine cache, by adding it and org.springframework.cache.caffeine.CaffeineCacheManager to the classpath.
2023-05-16 14:06:35,777 [main] INFO  InstanceInfoFactory - Setting initial instance status as: STARTING
2023-05-16 14:06:35,877 [main] INFO  DiscoveryClient - Initializing Eureka in region us-east-1
2023-05-16 14:06:35,989 [main] INFO  DiscoveryJerseyProvider - Using JSON encoding codec LegacyJacksonJson
2023-05-16 14:06:35,989 [main] INFO  DiscoveryJerseyProvider - Using JSON decoding codec LegacyJacksonJson
2023-05-16 14:06:35,989 [main] INFO  DiscoveryJerseyProvider - Using XML encoding codec XStreamXml
2023-05-16 14:06:35,989 [main] INFO  DiscoveryJerseyProvider - Using XML decoding codec XStreamXml
2023-05-16 14:06:36,137 [main] INFO  ConfigClusterResolver - Resolving eureka endpoints via configuration
2023-05-16 14:06:36,182 [main] INFO  DiscoveryClient - Disable delta property : false
2023-05-16 14:06:36,183 [main] INFO  DiscoveryClient - Single vip registry refresh property : null
2023-05-16 14:06:36,183 [main] INFO  DiscoveryClient - Force full registry fetch : false
2023-05-16 14:06:36,183 [main] INFO  DiscoveryClient - Application is null : false
2023-05-16 14:06:36,183 [main] INFO  DiscoveryClient - Registered Applications size is zero : true
2023-05-16 14:06:36,183 [main] INFO  DiscoveryClient - Application version is -1: true
2023-05-16 14:06:36,183 [main] INFO  DiscoveryClient - Getting all instance registry info from the eureka server
2023-05-16 14:06:36,569 [main] INFO  DiscoveryClient - The response status is 200
2023-05-16 14:06:36,572 [main] INFO  DiscoveryClient - Starting heartbeat executor: renew interval is: 30
2023-05-16 14:06:36,579 [main] INFO  InstanceInfoReplicator - InstanceInfoReplicator onDemand update allowed rate per min is 4
2023-05-16 14:06:36,589 [main] INFO  DiscoveryClient - Discovery Client initialized at timestamp 1684226196585 with initial instances count: 0
2023-05-16 14:06:36,671 [main] INFO  DefaultEurekaServerContext - Initializing ...
2023-05-16 14:06:36,673 [main] INFO  PeerEurekaNodes - Adding new peer nodes [http://localhost:8761/eureka/]
2023-05-16 14:06:36,681 [main] INFO  DiscoveryJerseyProvider - Using JSON encoding codec LegacyJacksonJson
2023-05-16 14:06:36,682 [main] INFO  DiscoveryJerseyProvider - Using JSON decoding codec LegacyJacksonJson
2023-05-16 14:06:36,682 [main] INFO  DiscoveryJerseyProvider - Using XML encoding codec XStreamXml
2023-05-16 14:06:36,682 [main] INFO  DiscoveryJerseyProvider - Using XML decoding codec XStreamXml
2023-05-16 14:06:36,787 [main] INFO  PeerEurekaNodes - Replica node URL:  http://localhost:8761/eureka/
2023-05-16 14:06:36,801 [main] INFO  AbstractInstanceRegistry - Finished initializing remote region registries. All known remote regions: []
2023-05-16 14:06:36,803 [main] INFO  DefaultEurekaServerContext - Initialized
2023-05-16 14:06:36,815 [main] INFO  EndpointLinksResolver - Exposing 1 endpoint(s) beneath base path '/actuator'
2023-05-16 14:06:36,915 [main] INFO  EurekaServiceRegistry - Registering application BILLING-MANAGEMENT with eureka with status UP
2023-05-16 14:06:36,916 [main] INFO  DiscoveryClient - Saw local status change event StatusChangeEvent [timestamp=1684226196916, current=UP, previous=STARTING]
2023-05-16 14:06:36,923 [DiscoveryClient-InstanceInfoReplicator-0] INFO  DiscoveryClient - DiscoveryClient_BILLING-MANAGEMENT/LAPTOP-5IVJGTKS:BILLING-MANAGEMENT:9001: registering service...
2023-05-16 14:06:36,926 [main] INFO  Http11NioProtocol - Starting ProtocolHandler ["http-nio-9001"]
2023-05-16 14:06:36,947 [Thread-10] INFO  EurekaServerBootstrap - isAws returned false
2023-05-16 14:06:36,947 [Thread-10] INFO  EurekaServerBootstrap - Initialized server context
2023-05-16 14:06:36,994 [main] INFO  TomcatWebServer - Tomcat started on port(s): 9001 (http) with context path ''
2023-05-16 14:06:36,995 [main] INFO  EurekaAutoServiceRegistration - Updating port to 9001
2023-05-16 14:06:37,147 [DiscoveryClient-InstanceInfoReplicator-0] INFO  DiscoveryClient - DiscoveryClient_BILLING-MANAGEMENT/LAPTOP-5IVJGTKS:BILLING-MANAGEMENT:9001 - registration status: 204
2023-05-16 14:06:37,256 [main] INFO  BillingManagementApplication - Started BillingManagementApplication in 12.867 seconds (JVM running for 18.354)
2023-05-16 14:06:38,168 [RMI TCP Connection(11)-127.0.0.1] INFO  [/] - Initializing Spring DispatcherServlet 'dispatcherServlet'
2023-05-16 14:06:38,169 [RMI TCP Connection(11)-127.0.0.1] INFO  DispatcherServlet - Initializing Servlet 'dispatcherServlet'
2023-05-16 14:06:38,170 [RMI TCP Connection(11)-127.0.0.1] INFO  DispatcherServlet - Completed initialization in 1 ms
2023-05-16 14:07:06,585 [DiscoveryClient-CacheRefreshExecutor-0] INFO  DiscoveryClient - Disable delta property : false
2023-05-16 14:07:06,585 [DiscoveryClient-CacheRefreshExecutor-0] INFO  DiscoveryClient - Single vip registry refresh property : null
2023-05-16 14:07:06,586 [DiscoveryClient-CacheRefreshExecutor-0] INFO  DiscoveryClient - Force full registry fetch : false
2023-05-16 14:07:06,586 [DiscoveryClient-CacheRefreshExecutor-0] INFO  DiscoveryClient - Application is null : false
2023-05-16 14:07:06,586 [DiscoveryClient-CacheRefreshExecutor-0] INFO  DiscoveryClient - Registered Applications size is zero : true
2023-05-16 14:07:06,586 [DiscoveryClient-CacheRefreshExecutor-0] INFO  DiscoveryClient - Application version is -1: false
2023-05-16 14:07:06,586 [DiscoveryClient-CacheRefreshExecutor-0] INFO  DiscoveryClient - Getting all instance registry info from the eureka server
2023-05-16 14:07:06,755 [DiscoveryClient-CacheRefreshExecutor-0] INFO  DiscoveryClient - The response status is 200
2023-05-16 14:07:06,960 [Thread-10] INFO  AbstractInstanceRegistry - Registered instance BILLING-MANAGEMENT/LAPTOP-5IVJGTKS:BILLING-MANAGEMENT:9001 with status UP (replication=true)
2023-05-16 14:07:06,960 [Thread-10] INFO  PeerAwareInstanceRegistryImpl - Got 1 instances from neighboring DS node
2023-05-16 14:07:06,960 [Thread-10] INFO  PeerAwareInstanceRegistryImpl - Renew threshold is: 1
2023-05-16 14:07:06,960 [Thread-10] INFO  PeerAwareInstanceRegistryImpl - Changing status to UP
2023-05-16 14:07:06,979 [Thread-10] INFO  EurekaServerInitializerConfiguration - Started Eureka Server
2023-05-16 14:08:06,964 [Eureka-EvictionTimer] INFO  AbstractInstanceRegistry - Running the evict task with compensationTime 0ms
2023-05-16 14:08:49,801 [http-nio-9001-exec-2] DEBUG BillingServiceImpl - save bill details with saveBillDetails: [com.billing.model.PatientBilling@6d403103]
2023-05-16 14:09:06,970 [Eureka-EvictionTimer] INFO  AbstractInstanceRegistry - Running the evict task with compensationTime 6ms
2023-05-16 14:10:06,981 [Eureka-EvictionTimer] INFO  AbstractInstanceRegistry - Running the evict task with compensationTime 12ms
2023-05-16 14:11:06,986 [Eureka-EvictionTimer] INFO  AbstractInstanceRegistry - Running the evict task with compensationTime 3ms
2023-05-16 14:11:36,201 [AsyncResolver-bootstrap-executor-0] INFO  ConfigClusterResolver - Resolving eureka endpoints via configuration
2023-05-16 14:12:06,990 [Eureka-EvictionTimer] INFO  AbstractInstanceRegistry - Running the evict task with compensationTime 4ms
2023-05-16 14:13:06,997 [Eureka-EvictionTimer] INFO  AbstractInstanceRegistry - Running the evict task with compensationTime 6ms
2023-05-16 14:14:07,000 [Eureka-EvictionTimer] INFO  AbstractInstanceRegistry - Running the evict task with compensationTime 2ms
2023-05-16 14:15:07,000 [Eureka-EvictionTimer] INFO  AbstractInstanceRegistry - Running the evict task with compensationTime 0ms
2023-05-16 14:16:07,000 [Eureka-EvictionTimer] INFO  AbstractInstanceRegistry - Running the evict task with compensationTime 0ms
2023-05-16 14:16:36,205 [AsyncResolver-bootstrap-executor-0] INFO  ConfigClusterResolver - Resolving eureka endpoints via configuration
2023-05-16 14:17:07,015 [Eureka-EvictionTimer] INFO  AbstractInstanceRegistry - Running the evict task with compensationTime 14ms
2023-05-16 14:18:07,022 [Eureka-EvictionTimer] INFO  AbstractInstanceRegistry - Running the evict task with compensationTime 6ms
2023-05-16 14:19:07,037 [Eureka-EvictionTimer] INFO  AbstractInstanceRegistry - Running the evict task with compensationTime 14ms
2023-05-16 14:20:07,041 [Eureka-EvictionTimer] INFO  AbstractInstanceRegistry - Running the evict task with compensationTime 4ms
2023-05-16 14:21:07,055 [Eureka-EvictionTimer] INFO  AbstractInstanceRegistry - Running the evict task with compensationTime 14ms
2023-05-16 14:21:30,215 [RMI TCP Connection(26)-127.0.0.1] INFO  SpringApplicationAdminMXBeanRegistrar$SpringApplicationAdmin - Application shutdown requested.
2023-05-16 14:21:30,262 [RMI TCP Connection(26)-127.0.0.1] INFO  EurekaServiceRegistry - Unregistering application BILLING-MANAGEMENT with eureka with status DOWN
2023-05-16 14:21:30,264 [RMI TCP Connection(26)-127.0.0.1] INFO  DiscoveryClient - Saw local status change event StatusChangeEvent [timestamp=1684227090264, current=DOWN, previous=UP]
2023-05-16 14:21:30,264 [DiscoveryClient-InstanceInfoReplicator-0] INFO  DiscoveryClient - DiscoveryClient_BILLING-MANAGEMENT/LAPTOP-5IVJGTKS:BILLING-MANAGEMENT:9001: registering service...
2023-05-16 14:21:30,284 [DiscoveryClient-InstanceInfoReplicator-0] INFO  DiscoveryClient - DiscoveryClient_BILLING-MANAGEMENT/LAPTOP-5IVJGTKS:BILLING-MANAGEMENT:9001 - registration status: 204
2023-05-16 14:21:30,436 [RMI TCP Connection(26)-127.0.0.1] INFO  Http11NioProtocol - Pausing ProtocolHandler ["http-nio-9001"]
2023-05-16 14:21:30,437 [RMI TCP Connection(26)-127.0.0.1] INFO  StandardService - Stopping service [Tomcat]
2023-05-16 14:21:30,448 [RMI TCP Connection(26)-127.0.0.1] INFO  [/] - Destroying Spring FrameworkServlet 'dispatcherServlet'
2023-05-16 14:21:30,494 [RMI TCP Connection(26)-127.0.0.1] INFO  Http11NioProtocol - Stopping ProtocolHandler ["http-nio-9001"]
2023-05-16 14:21:30,502 [RMI TCP Connection(26)-127.0.0.1] INFO  Http11NioProtocol - Destroying ProtocolHandler ["http-nio-9001"]
2023-05-16 14:21:30,504 [RMI TCP Connection(26)-127.0.0.1] INFO  EurekaServerBootstrap - Shutting down Eureka Server..
2023-05-16 14:21:30,522 [RMI TCP Connection(26)-127.0.0.1] INFO  DefaultEurekaServerContext - Shutting down ...
2023-05-16 14:21:30,571 [RMI TCP Connection(26)-127.0.0.1] INFO  DefaultEurekaServerContext - Shut down
2023-05-16 14:21:30,571 [RMI TCP Connection(26)-127.0.0.1] INFO  EurekaServerBootstrap - Eureka Service is now shutdown...
2023-05-16 14:21:30,577 [RMI TCP Connection(26)-127.0.0.1] INFO  DefaultEurekaServerContext - Shutting down ...
2023-05-16 14:21:30,591 [RMI TCP Connection(26)-127.0.0.1] INFO  DefaultEurekaServerContext - Shut down
2023-05-16 14:21:30,644 [RMI TCP Connection(26)-127.0.0.1] INFO  LocalContainerEntityManagerFactoryBean - Closing JPA EntityManagerFactory for persistence unit 'default'
2023-05-16 14:21:30,686 [RMI TCP Connection(26)-127.0.0.1] INFO  HikariDataSource - HikariPool-1 - Shutdown initiated...
2023-05-16 14:21:30,722 [RMI TCP Connection(26)-127.0.0.1] INFO  HikariDataSource - HikariPool-1 - Shutdown completed.
2023-05-16 14:21:30,731 [RMI TCP Connection(26)-127.0.0.1] INFO  DiscoveryClient - Shutting down DiscoveryClient ...
2023-05-16 14:30:32,091 [main] INFO  BillingManagementApplication - Starting BillingManagementApplication using Java 17.0.6 on LAPTOP-5IVJGTKS with PID 22220 (C:\Users\Ruheena Zainab L\Downloads\PROJECT\billing-management\target\classes started by Ruheena Zainab L in C:\Users\Ruheena Zainab L\Downloads\PROJECT\billing-management)
2023-05-16 14:30:32,098 [main] DEBUG BillingManagementApplication - Running with Spring Boot v2.7.8, Spring v5.3.25
2023-05-16 14:30:32,100 [main] INFO  BillingManagementApplication - No active profile set, falling back to 1 default profile: "default"
2023-05-16 14:30:33,777 [main] INFO  RepositoryConfigurationDelegate - Bootstrapping Spring Data JPA repositories in DEFAULT mode.
2023-05-16 14:30:34,062 [main] INFO  RepositoryConfigurationDelegate - Finished Spring Data repository scanning in 268 ms. Found 1 JPA repository interfaces.
2023-05-16 14:30:34,466 [main] INFO  GenericScope - BeanFactory id=df7ecebe-6b16-3969-bf40-320902b797fb
2023-05-16 14:30:35,150 [main] INFO  TomcatWebServer - Tomcat initialized with port(s): 9001 (http)
2023-05-16 14:30:35,175 [main] INFO  Http11NioProtocol - Initializing ProtocolHandler ["http-nio-9001"]
2023-05-16 14:30:35,179 [main] INFO  StandardService - Starting service [Tomcat]
2023-05-16 14:30:35,180 [main] INFO  StandardEngine - Starting Servlet engine: [Apache Tomcat/9.0.71]
2023-05-16 14:30:35,382 [main] INFO  [/] - Initializing Spring embedded WebApplicationContext
2023-05-16 14:30:35,382 [main] INFO  ServletWebServerApplicationContext - Root WebApplicationContext: initialization completed in 3161 ms
2023-05-16 14:30:36,054 [main] INFO  WebApplicationImpl - Initiating Jersey application, version 'Jersey: 1.19.4 05/24/2017 03:20 PM'
2023-05-16 14:30:36,149 [main] INFO  DiscoveryJerseyProvider - Using JSON encoding codec LegacyJacksonJson
2023-05-16 14:30:36,150 [main] INFO  DiscoveryJerseyProvider - Using JSON decoding codec LegacyJacksonJson
2023-05-16 14:30:36,448 [main] INFO  DiscoveryJerseyProvider - Using XML encoding codec XStreamXml
2023-05-16 14:30:36,448 [main] INFO  DiscoveryJerseyProvider - Using XML decoding codec XStreamXml
2023-05-16 14:30:37,124 [main] INFO  LogHelper - HHH000204: Processing PersistenceUnitInfo [name: default]
2023-05-16 14:30:37,246 [main] INFO  Version - HHH000412: Hibernate ORM core version 5.6.14.Final
2023-05-16 14:30:37,565 [main] INFO  Version - HCANN000001: Hibernate Commons Annotations {5.1.2.Final}
2023-05-16 14:30:37,790 [main] INFO  HikariDataSource - HikariPool-1 - Starting...
2023-05-16 14:30:38,523 [main] INFO  HikariDataSource - HikariPool-1 - Start completed.
2023-05-16 14:30:38,708 [main] INFO  Dialect - HHH000400: Using dialect: org.hibernate.dialect.MySQL8Dialect
2023-05-16 14:30:39,773 [main] INFO  JtaPlatformInitiator - HHH000490: Using JtaPlatform implementation: [org.hibernate.engine.transaction.jta.platform.internal.NoJtaPlatform]
2023-05-16 14:30:39,794 [main] INFO  LocalContainerEntityManagerFactoryBean - Initialized JPA EntityManagerFactory for persistence unit 'default'
2023-05-16 14:30:40,429 [main] WARN  JpaBaseConfiguration$JpaWebConfiguration - spring.jpa.open-in-view is enabled by default. Therefore, database queries may be performed during view rendering. Explicitly configure spring.jpa.open-in-view to disable this warning
2023-05-16 14:30:41,891 [main] INFO  DiscoveryClientOptionalArgsConfiguration - Eureka HTTP Client uses Jersey
2023-05-16 14:30:42,016 [main] WARN  LoadBalancerCacheAutoConfiguration$LoadBalancerCaffeineWarnLogger - Spring Cloud LoadBalancer is currently working with the default cache. While this cache implementation is useful for development and tests, it's recommended to use Caffeine cache in production.You can switch to using Caffeine cache, by adding it and org.springframework.cache.caffeine.CaffeineCacheManager to the classpath.
2023-05-16 14:30:42,056 [main] INFO  InstanceInfoFactory - Setting initial instance status as: STARTING
2023-05-16 14:30:42,127 [main] INFO  DiscoveryClient - Initializing Eureka in region us-east-1
2023-05-16 14:30:42,272 [main] INFO  DiscoveryJerseyProvider - Using JSON encoding codec LegacyJacksonJson
2023-05-16 14:30:42,272 [main] INFO  DiscoveryJerseyProvider - Using JSON decoding codec LegacyJacksonJson
2023-05-16 14:30:42,273 [main] INFO  DiscoveryJerseyProvider - Using XML encoding codec XStreamXml
2023-05-16 14:30:42,273 [main] INFO  DiscoveryJerseyProvider - Using XML decoding codec XStreamXml
2023-05-16 14:30:42,432 [main] INFO  ConfigClusterResolver - Resolving eureka endpoints via configuration
2023-05-16 14:30:42,484 [main] INFO  DiscoveryClient - Disable delta property : false
2023-05-16 14:30:42,484 [main] INFO  DiscoveryClient - Single vip registry refresh property : null
2023-05-16 14:30:42,484 [main] INFO  DiscoveryClient - Force full registry fetch : false
2023-05-16 14:30:42,484 [main] INFO  DiscoveryClient - Application is null : false
2023-05-16 14:30:42,484 [main] INFO  DiscoveryClient - Registered Applications size is zero : true
2023-05-16 14:30:42,484 [main] INFO  DiscoveryClient - Application version is -1: true
2023-05-16 14:30:42,484 [main] INFO  DiscoveryClient - Getting all instance registry info from the eureka server
2023-05-16 14:30:43,042 [main] INFO  DiscoveryClient - The response status is 200
2023-05-16 14:30:43,048 [main] INFO  DiscoveryClient - Starting heartbeat executor: renew interval is: 30
2023-05-16 14:30:43,058 [main] INFO  InstanceInfoReplicator - InstanceInfoReplicator onDemand update allowed rate per min is 4
2023-05-16 14:30:43,076 [main] INFO  DiscoveryClient - Discovery Client initialized at timestamp 1684227643071 with initial instances count: 0
2023-05-16 14:30:43,143 [main] INFO  DefaultEurekaServerContext - Initializing ...
2023-05-16 14:30:43,145 [main] INFO  PeerEurekaNodes - Adding new peer nodes [http://localhost:8761/eureka/]
2023-05-16 14:30:43,151 [main] INFO  DiscoveryJerseyProvider - Using JSON encoding codec LegacyJacksonJson
2023-05-16 14:30:43,152 [main] INFO  DiscoveryJerseyProvider - Using JSON decoding codec LegacyJacksonJson
2023-05-16 14:30:43,152 [main] INFO  DiscoveryJerseyProvider - Using XML encoding codec XStreamXml
2023-05-16 14:30:43,152 [main] INFO  DiscoveryJerseyProvider - Using XML decoding codec XStreamXml
2023-05-16 14:30:43,271 [main] INFO  PeerEurekaNodes - Replica node URL:  http://localhost:8761/eureka/
2023-05-16 14:30:43,286 [main] INFO  AbstractInstanceRegistry - Finished initializing remote region registries. All known remote regions: []
2023-05-16 14:30:43,288 [main] INFO  DefaultEurekaServerContext - Initialized
2023-05-16 14:30:43,299 [main] INFO  EndpointLinksResolver - Exposing 1 endpoint(s) beneath base path '/actuator'
2023-05-16 14:30:43,393 [main] INFO  EurekaServiceRegistry - Registering application BILLING-MANAGEMENT with eureka with status UP
2023-05-16 14:30:43,394 [main] INFO  DiscoveryClient - Saw local status change event StatusChangeEvent [timestamp=1684227643394, current=UP, previous=STARTING]
2023-05-16 14:30:43,402 [main] INFO  Http11NioProtocol - Starting ProtocolHandler ["http-nio-9001"]
2023-05-16 14:30:43,402 [DiscoveryClient-InstanceInfoReplicator-0] INFO  DiscoveryClient - DiscoveryClient_BILLING-MANAGEMENT/LAPTOP-5IVJGTKS:BILLING-MANAGEMENT:9001: registering service...
2023-05-16 14:30:43,428 [Thread-10] INFO  EurekaServerBootstrap - isAws returned false
2023-05-16 14:30:43,429 [Thread-10] INFO  EurekaServerBootstrap - Initialized server context
2023-05-16 14:30:43,467 [main] INFO  TomcatWebServer - Tomcat started on port(s): 9001 (http) with context path ''
2023-05-16 14:30:43,468 [main] INFO  EurekaAutoServiceRegistration - Updating port to 9001
2023-05-16 14:30:43,620 [DiscoveryClient-InstanceInfoReplicator-0] INFO  DiscoveryClient - DiscoveryClient_BILLING-MANAGEMENT/LAPTOP-5IVJGTKS:BILLING-MANAGEMENT:9001 - registration status: 204
2023-05-16 14:30:43,707 [main] INFO  BillingManagementApplication - Started BillingManagementApplication in 12.582 seconds (JVM running for 16.804)
2023-05-16 14:30:44,610 [RMI TCP Connection(10)-127.0.0.1] INFO  [/] - Initializing Spring DispatcherServlet 'dispatcherServlet'
2023-05-16 14:30:44,610 [RMI TCP Connection(10)-127.0.0.1] INFO  DispatcherServlet - Initializing Servlet 'dispatcherServlet'
2023-05-16 14:30:44,613 [RMI TCP Connection(10)-127.0.0.1] INFO  DispatcherServlet - Completed initialization in 3 ms
2023-05-16 14:31:13,054 [DiscoveryClient-CacheRefreshExecutor-0] INFO  DiscoveryClient - Disable delta property : false
2023-05-16 14:31:13,054 [DiscoveryClient-CacheRefreshExecutor-0] INFO  DiscoveryClient - Single vip registry refresh property : null
2023-05-16 14:31:13,055 [DiscoveryClient-CacheRefreshExecutor-0] INFO  DiscoveryClient - Force full registry fetch : false
2023-05-16 14:31:13,055 [DiscoveryClient-CacheRefreshExecutor-0] INFO  DiscoveryClient - Application is null : false
2023-05-16 14:31:13,055 [DiscoveryClient-CacheRefreshExecutor-0] INFO  DiscoveryClient - Registered Applications size is zero : true
2023-05-16 14:31:13,055 [DiscoveryClient-CacheRefreshExecutor-0] INFO  DiscoveryClient - Application version is -1: false
2023-05-16 14:31:13,055 [DiscoveryClient-CacheRefreshExecutor-0] INFO  DiscoveryClient - Getting all instance registry info from the eureka server
2023-05-16 14:31:13,139 [DiscoveryClient-CacheRefreshExecutor-0] INFO  DiscoveryClient - The response status is 200
2023-05-16 14:31:13,440 [Thread-10] INFO  AbstractInstanceRegistry - Registered instance BILLING-MANAGEMENT/LAPTOP-5IVJGTKS:BILLING-MANAGEMENT:9001 with status UP (replication=true)
2023-05-16 14:31:13,440 [Thread-10] INFO  PeerAwareInstanceRegistryImpl - Got 1 instances from neighboring DS node
2023-05-16 14:31:13,440 [Thread-10] INFO  PeerAwareInstanceRegistryImpl - Renew threshold is: 1
2023-05-16 14:31:13,441 [Thread-10] INFO  PeerAwareInstanceRegistryImpl - Changing status to UP
2023-05-16 14:31:13,451 [Thread-10] INFO  EurekaServerInitializerConfiguration - Started Eureka Server
2023-05-16 14:32:13,444 [Eureka-EvictionTimer] INFO  AbstractInstanceRegistry - Running the evict task with compensationTime 0ms
2023-05-16 14:33:13,448 [Eureka-EvictionTimer] INFO  AbstractInstanceRegistry - Running the evict task with compensationTime 3ms
2023-05-16 14:34:13,455 [Eureka-EvictionTimer] INFO  AbstractInstanceRegistry - Running the evict task with compensationTime 7ms
2023-05-16 14:35:13,461 [Eureka-EvictionTimer] INFO  AbstractInstanceRegistry - Running the evict task with compensationTime 6ms
2023-05-16 14:35:42,501 [AsyncResolver-bootstrap-executor-0] INFO  ConfigClusterResolver - Resolving eureka endpoints via configuration
2023-05-16 14:36:13,466 [Eureka-EvictionTimer] INFO  AbstractInstanceRegistry - Running the evict task with compensationTime 4ms
2023-05-16 14:37:13,471 [Eureka-EvictionTimer] INFO  AbstractInstanceRegistry - Running the evict task with compensationTime 5ms
2023-05-16 14:38:13,471 [Eureka-EvictionTimer] INFO  AbstractInstanceRegistry - Running the evict task with compensationTime 0ms
2023-05-16 14:39:13,483 [Eureka-EvictionTimer] INFO  AbstractInstanceRegistry - Running the evict task with compensationTime 12ms
2023-05-16 14:40:13,484 [Eureka-EvictionTimer] INFO  AbstractInstanceRegistry - Running the evict task with compensationTime 0ms
2023-05-16 14:40:42,512 [AsyncResolver-bootstrap-executor-0] INFO  ConfigClusterResolver - Resolving eureka endpoints via configuration
2023-05-16 14:41:13,485 [Eureka-EvictionTimer] INFO  AbstractInstanceRegistry - Running the evict task with compensationTime 0ms
2023-05-16 14:42:13,494 [Eureka-EvictionTimer] INFO  AbstractInstanceRegistry - Running the evict task with compensationTime 9ms
2023-05-16 14:43:13,498 [Eureka-EvictionTimer] INFO  AbstractInstanceRegistry - Running the evict task with compensationTime 4ms
2023-05-16 14:44:13,502 [Eureka-EvictionTimer] INFO  AbstractInstanceRegistry - Running the evict task with compensationTime 3ms
2023-05-16 14:45:13,510 [Eureka-EvictionTimer] INFO  AbstractInstanceRegistry - Running the evict task with compensationTime 8ms
2023-05-16 14:45:42,527 [AsyncResolver-bootstrap-executor-0] INFO  ConfigClusterResolver - Resolving eureka endpoints via configuration
2023-05-16 14:45:43,292 [ReplicaAwareInstanceRegistry - RenewalThresholdUpdater] INFO  PeerAwareInstanceRegistryImpl - Current renewal threshold is : 5
2023-05-16 14:46:13,516 [Eureka-EvictionTimer] INFO  AbstractInstanceRegistry - Running the evict task with compensationTime 5ms
2023-05-16 14:47:13,518 [Eureka-EvictionTimer] INFO  AbstractInstanceRegistry - Running the evict task with compensationTime 2ms
2023-05-16 14:48:13,520 [Eureka-EvictionTimer] INFO  AbstractInstanceRegistry - Running the evict task with compensationTime 2ms
2023-05-16 14:49:13,526 [Eureka-EvictionTimer] INFO  AbstractInstanceRegistry - Running the evict task with compensationTime 5ms
2023-05-16 14:50:13,538 [Eureka-EvictionTimer] INFO  AbstractInstanceRegistry - Running the evict task with compensationTime 12ms
2023-05-16 14:50:20,196 [RMI TCP Connection(33)-127.0.0.1] INFO  SpringApplicationAdminMXBeanRegistrar$SpringApplicationAdmin - Application shutdown requested.
2023-05-16 14:50:20,225 [RMI TCP Connection(33)-127.0.0.1] INFO  EurekaServiceRegistry - Unregistering application BILLING-MANAGEMENT with eureka with status DOWN
2023-05-16 14:50:20,226 [RMI TCP Connection(33)-127.0.0.1] INFO  DiscoveryClient - Saw local status change event StatusChangeEvent [timestamp=1684228820226, current=DOWN, previous=UP]
2023-05-16 14:50:20,226 [DiscoveryClient-InstanceInfoReplicator-0] INFO  DiscoveryClient - DiscoveryClient_BILLING-MANAGEMENT/LAPTOP-5IVJGTKS:BILLING-MANAGEMENT:9001: registering service...
2023-05-16 14:50:20,245 [DiscoveryClient-InstanceInfoReplicator-0] INFO  DiscoveryClient - DiscoveryClient_BILLING-MANAGEMENT/LAPTOP-5IVJGTKS:BILLING-MANAGEMENT:9001 - registration status: 204
2023-05-16 14:50:20,327 [RMI TCP Connection(33)-127.0.0.1] INFO  Http11NioProtocol - Pausing ProtocolHandler ["http-nio-9001"]
2023-05-16 14:50:20,329 [RMI TCP Connection(33)-127.0.0.1] INFO  StandardService - Stopping service [Tomcat]
2023-05-16 14:50:20,342 [RMI TCP Connection(33)-127.0.0.1] INFO  [/] - Destroying Spring FrameworkServlet 'dispatcherServlet'
2023-05-16 14:50:20,370 [RMI TCP Connection(33)-127.0.0.1] INFO  Http11NioProtocol - Stopping ProtocolHandler ["http-nio-9001"]
2023-05-16 14:50:20,376 [RMI TCP Connection(33)-127.0.0.1] INFO  Http11NioProtocol - Destroying ProtocolHandler ["http-nio-9001"]
2023-05-16 14:50:20,377 [RMI TCP Connection(33)-127.0.0.1] INFO  EurekaServerBootstrap - Shutting down Eureka Server..
2023-05-16 14:50:20,392 [RMI TCP Connection(33)-127.0.0.1] INFO  DefaultEurekaServerContext - Shutting down ...
2023-05-16 14:50:20,399 [RMI TCP Connection(33)-127.0.0.1] INFO  StatsMonitor - Attempting to get the value for an expired monitor: eurekaServer.replication.batchSize.Will start computing stats again.
2023-05-16 14:50:20,402 [RMI TCP Connection(33)-127.0.0.1] INFO  StatsMonitor - Attempting to get the value for an expired monitor: eurekaServer.replication.executionTime.Will start computing stats again.
2023-05-16 14:50:20,403 [RMI TCP Connection(33)-127.0.0.1] INFO  StatsMonitor - Attempting to get the value for an expired monitor: eurekaServer.replication.executionTime.Will start computing stats again.
2023-05-16 14:50:20,404 [RMI TCP Connection(33)-127.0.0.1] INFO  StatsMonitor - Attempting to get the value for an expired monitor: eurekaServer.replication.batchSize.Will start computing stats again.
2023-05-16 14:50:20,429 [RMI TCP Connection(33)-127.0.0.1] INFO  DefaultEurekaServerContext - Shut down
2023-05-16 14:50:20,429 [RMI TCP Connection(33)-127.0.0.1] INFO  EurekaServerBootstrap - Eureka Service is now shutdown...
2023-05-16 14:50:20,430 [RMI TCP Connection(33)-127.0.0.1] INFO  DefaultEurekaServerContext - Shutting down ...
2023-05-16 14:50:20,448 [RMI TCP Connection(33)-127.0.0.1] INFO  DefaultEurekaServerContext - Shut down
2023-05-16 14:50:20,468 [RMI TCP Connection(33)-127.0.0.1] INFO  LocalContainerEntityManagerFactoryBean - Closing JPA EntityManagerFactory for persistence unit 'default'
2023-05-16 14:50:20,485 [RMI TCP Connection(33)-127.0.0.1] INFO  HikariDataSource - HikariPool-1 - Shutdown initiated...
2023-05-16 14:50:20,515 [RMI TCP Connection(33)-127.0.0.1] INFO  HikariDataSource - HikariPool-1 - Shutdown completed.
2023-05-16 14:50:20,519 [RMI TCP Connection(33)-127.0.0.1] INFO  DiscoveryClient - Shutting down DiscoveryClient ...
2023-05-16 15:16:06,991 [main] INFO  BillingManagementApplication - Starting BillingManagementApplication using Java 17.0.6 on LAPTOP-5IVJGTKS with PID 17500 (C:\Users\Ruheena Zainab L\Downloads\PROJECT\billing-management\target\classes started by Ruheena Zainab L in C:\Users\Ruheena Zainab L\Downloads\PROJECT\billing-management)
2023-05-16 15:16:06,999 [main] DEBUG BillingManagementApplication - Running with Spring Boot v2.7.8, Spring v5.3.25
2023-05-16 15:16:07,000 [main] INFO  BillingManagementApplication - No active profile set, falling back to 1 default profile: "default"
2023-05-16 15:16:08,927 [main] INFO  RepositoryConfigurationDelegate - Bootstrapping Spring Data JPA repositories in DEFAULT mode.
2023-05-16 15:16:09,291 [main] INFO  RepositoryConfigurationDelegate - Finished Spring Data repository scanning in 341 ms. Found 1 JPA repository interfaces.
2023-05-16 15:16:09,761 [main] INFO  GenericScope - BeanFactory id=df7ecebe-6b16-3969-bf40-320902b797fb
2023-05-16 15:16:10,496 [main] INFO  TomcatWebServer - Tomcat initialized with port(s): 9001 (http)
2023-05-16 15:16:10,526 [main] INFO  Http11NioProtocol - Initializing ProtocolHandler ["http-nio-9001"]
2023-05-16 15:16:10,526 [main] INFO  StandardService - Starting service [Tomcat]
2023-05-16 15:16:10,527 [main] INFO  StandardEngine - Starting Servlet engine: [Apache Tomcat/9.0.71]
2023-05-16 15:16:10,768 [main] INFO  [/] - Initializing Spring embedded WebApplicationContext
2023-05-16 15:16:10,768 [main] INFO  ServletWebServerApplicationContext - Root WebApplicationContext: initialization completed in 3611 ms
2023-05-16 15:16:11,621 [main] INFO  WebApplicationImpl - Initiating Jersey application, version 'Jersey: 1.19.4 05/24/2017 03:20 PM'
2023-05-16 15:16:11,755 [main] INFO  DiscoveryJerseyProvider - Using JSON encoding codec LegacyJacksonJson
2023-05-16 15:16:11,757 [main] INFO  DiscoveryJerseyProvider - Using JSON decoding codec LegacyJacksonJson
2023-05-16 15:16:12,100 [main] INFO  DiscoveryJerseyProvider - Using XML encoding codec XStreamXml
2023-05-16 15:16:12,101 [main] INFO  DiscoveryJerseyProvider - Using XML decoding codec XStreamXml
2023-05-16 15:16:12,995 [main] INFO  LogHelper - HHH000204: Processing PersistenceUnitInfo [name: default]
2023-05-16 15:16:13,124 [main] INFO  Version - HHH000412: Hibernate ORM core version 5.6.14.Final
2023-05-16 15:16:13,480 [main] INFO  Version - HCANN000001: Hibernate Commons Annotations {5.1.2.Final}
2023-05-16 15:16:13,748 [main] INFO  HikariDataSource - HikariPool-1 - Starting...
2023-05-16 15:16:14,558 [main] INFO  HikariDataSource - HikariPool-1 - Start completed.
2023-05-16 15:16:14,754 [main] INFO  Dialect - HHH000400: Using dialect: org.hibernate.dialect.MySQL8Dialect
2023-05-16 15:16:16,052 [main] INFO  JtaPlatformInitiator - HHH000490: Using JtaPlatform implementation: [org.hibernate.engine.transaction.jta.platform.internal.NoJtaPlatform]
2023-05-16 15:16:16,075 [main] INFO  LocalContainerEntityManagerFactoryBean - Initialized JPA EntityManagerFactory for persistence unit 'default'
2023-05-16 15:16:16,873 [main] WARN  JpaBaseConfiguration$JpaWebConfiguration - spring.jpa.open-in-view is enabled by default. Therefore, database queries may be performed during view rendering. Explicitly configure spring.jpa.open-in-view to disable this warning
2023-05-16 15:16:18,724 [main] INFO  DiscoveryClientOptionalArgsConfiguration - Eureka HTTP Client uses Jersey
2023-05-16 15:16:18,896 [main] WARN  LoadBalancerCacheAutoConfiguration$LoadBalancerCaffeineWarnLogger - Spring Cloud LoadBalancer is currently working with the default cache. While this cache implementation is useful for development and tests, it's recommended to use Caffeine cache in production.You can switch to using Caffeine cache, by adding it and org.springframework.cache.caffeine.CaffeineCacheManager to the classpath.
2023-05-16 15:16:18,950 [main] INFO  InstanceInfoFactory - Setting initial instance status as: STARTING
2023-05-16 15:16:19,100 [main] INFO  DiscoveryClient - Initializing Eureka in region us-east-1
2023-05-16 15:16:19,314 [main] INFO  DiscoveryJerseyProvider - Using JSON encoding codec LegacyJacksonJson
2023-05-16 15:16:19,315 [main] INFO  DiscoveryJerseyProvider - Using JSON decoding codec LegacyJacksonJson
2023-05-16 15:16:19,315 [main] INFO  DiscoveryJerseyProvider - Using XML encoding codec XStreamXml
2023-05-16 15:16:19,316 [main] INFO  DiscoveryJerseyProvider - Using XML decoding codec XStreamXml
2023-05-16 15:16:19,577 [main] INFO  ConfigClusterResolver - Resolving eureka endpoints via configuration
2023-05-16 15:16:19,649 [main] INFO  DiscoveryClient - Disable delta property : false
2023-05-16 15:16:19,649 [main] INFO  DiscoveryClient - Single vip registry refresh property : null
2023-05-16 15:16:19,650 [main] INFO  DiscoveryClient - Force full registry fetch : false
2023-05-16 15:16:19,650 [main] INFO  DiscoveryClient - Application is null : false
2023-05-16 15:16:19,650 [main] INFO  DiscoveryClient - Registered Applications size is zero : true
2023-05-16 15:16:19,650 [main] INFO  DiscoveryClient - Application version is -1: true
2023-05-16 15:16:19,650 [main] INFO  DiscoveryClient - Getting all instance registry info from the eureka server
2023-05-16 15:16:20,682 [main] INFO  DiscoveryClient - The response status is 200
2023-05-16 15:16:20,697 [main] INFO  DiscoveryClient - Starting heartbeat executor: renew interval is: 30
2023-05-16 15:16:20,715 [main] INFO  InstanceInfoReplicator - InstanceInfoReplicator onDemand update allowed rate per min is 4
2023-05-16 15:16:20,732 [main] INFO  DiscoveryClient - Discovery Client initialized at timestamp 1684230380726 with initial instances count: 0
2023-05-16 15:16:21,053 [main] INFO  DefaultEurekaServerContext - Initializing ...
2023-05-16 15:16:21,076 [main] INFO  PeerEurekaNodes - Adding new peer nodes [http://localhost:8761/eureka/]
2023-05-16 15:16:21,173 [main] INFO  DiscoveryJerseyProvider - Using JSON encoding codec LegacyJacksonJson
2023-05-16 15:16:21,173 [main] INFO  DiscoveryJerseyProvider - Using JSON decoding codec LegacyJacksonJson
2023-05-16 15:16:21,173 [main] INFO  DiscoveryJerseyProvider - Using XML encoding codec XStreamXml
2023-05-16 15:16:21,175 [main] INFO  DiscoveryJerseyProvider - Using XML decoding codec XStreamXml
2023-05-16 15:16:21,588 [main] INFO  PeerEurekaNodes - Replica node URL:  http://localhost:8761/eureka/
2023-05-16 15:16:21,613 [main] INFO  AbstractInstanceRegistry - Finished initializing remote region registries. All known remote regions: []
2023-05-16 15:16:21,615 [main] INFO  DefaultEurekaServerContext - Initialized
2023-05-16 15:16:21,630 [main] INFO  EndpointLinksResolver - Exposing 1 endpoint(s) beneath base path '/actuator'
2023-05-16 15:16:21,893 [main] INFO  EurekaServiceRegistry - Registering application BILLING-MANAGEMENT with eureka with status UP
2023-05-16 15:16:21,895 [main] INFO  DiscoveryClient - Saw local status change event StatusChangeEvent [timestamp=1684230381895, current=UP, previous=STARTING]
2023-05-16 15:16:21,916 [DiscoveryClient-InstanceInfoReplicator-0] INFO  DiscoveryClient - DiscoveryClient_BILLING-MANAGEMENT/LAPTOP-5IVJGTKS:BILLING-MANAGEMENT:9001: registering service...
2023-05-16 15:16:21,920 [main] INFO  Http11NioProtocol - Starting ProtocolHandler ["http-nio-9001"]
2023-05-16 15:16:21,996 [Thread-10] INFO  EurekaServerBootstrap - isAws returned false
2023-05-16 15:16:22,000 [Thread-10] INFO  EurekaServerBootstrap - Initialized server context
2023-05-16 15:16:22,171 [main] INFO  TomcatWebServer - Tomcat started on port(s): 9001 (http) with context path ''
2023-05-16 15:16:22,172 [main] INFO  EurekaAutoServiceRegistration - Updating port to 9001
2023-05-16 15:16:22,420 [DiscoveryClient-InstanceInfoReplicator-0] INFO  DiscoveryClient - DiscoveryClient_BILLING-MANAGEMENT/LAPTOP-5IVJGTKS:BILLING-MANAGEMENT:9001 - registration status: 204
2023-05-16 15:16:22,712 [main] INFO  BillingManagementApplication - Started BillingManagementApplication in 16.769 seconds (JVM running for 21.23)
2023-05-16 15:16:24,024 [RMI TCP Connection(10)-127.0.0.1] INFO  [/] - Initializing Spring DispatcherServlet 'dispatcherServlet'
2023-05-16 15:16:24,024 [RMI TCP Connection(10)-127.0.0.1] INFO  DispatcherServlet - Initializing Servlet 'dispatcherServlet'
2023-05-16 15:16:24,031 [RMI TCP Connection(10)-127.0.0.1] INFO  DispatcherServlet - Completed initialization in 5 ms
2023-05-16 15:16:50,706 [DiscoveryClient-CacheRefreshExecutor-0] INFO  DiscoveryClient - Disable delta property : false
2023-05-16 15:16:50,707 [DiscoveryClient-CacheRefreshExecutor-0] INFO  DiscoveryClient - Single vip registry refresh property : null
2023-05-16 15:16:50,709 [DiscoveryClient-CacheRefreshExecutor-0] INFO  DiscoveryClient - Force full registry fetch : false
2023-05-16 15:16:50,709 [DiscoveryClient-CacheRefreshExecutor-0] INFO  DiscoveryClient - Application is null : false
2023-05-16 15:16:50,709 [DiscoveryClient-CacheRefreshExecutor-0] INFO  DiscoveryClient - Registered Applications size is zero : true
2023-05-16 15:16:50,709 [DiscoveryClient-CacheRefreshExecutor-0] INFO  DiscoveryClient - Application version is -1: false
2023-05-16 15:16:50,709 [DiscoveryClient-CacheRefreshExecutor-0] INFO  DiscoveryClient - Getting all instance registry info from the eureka server
2023-05-16 15:16:50,798 [DiscoveryClient-CacheRefreshExecutor-0] INFO  DiscoveryClient - The response status is 200
2023-05-16 15:16:52,015 [Thread-10] INFO  AbstractInstanceRegistry - Registered instance BILLING-MANAGEMENT/LAPTOP-5IVJGTKS:BILLING-MANAGEMENT:9001 with status UP (replication=true)
2023-05-16 15:16:52,015 [Thread-10] INFO  PeerAwareInstanceRegistryImpl - Got 1 instances from neighboring DS node
2023-05-16 15:16:52,016 [Thread-10] INFO  PeerAwareInstanceRegistryImpl - Renew threshold is: 1
2023-05-16 15:16:52,016 [Thread-10] INFO  PeerAwareInstanceRegistryImpl - Changing status to UP
2023-05-16 15:16:52,032 [Thread-10] INFO  EurekaServerInitializerConfiguration - Started Eureka Server
2023-05-16 15:17:52,020 [Eureka-EvictionTimer] INFO  AbstractInstanceRegistry - Running the evict task with compensationTime 0ms
2023-05-16 15:18:52,021 [Eureka-EvictionTimer] INFO  AbstractInstanceRegistry - Running the evict task with compensationTime 0ms
2023-05-16 15:19:52,021 [Eureka-EvictionTimer] INFO  AbstractInstanceRegistry - Running the evict task with compensationTime 0ms
2023-05-16 15:20:52,031 [Eureka-EvictionTimer] INFO  AbstractInstanceRegistry - Running the evict task with compensationTime 10ms
2023-05-16 15:21:19,669 [AsyncResolver-bootstrap-executor-0] INFO  ConfigClusterResolver - Resolving eureka endpoints via configuration
2023-05-16 15:21:52,038 [Eureka-EvictionTimer] INFO  AbstractInstanceRegistry - Running the evict task with compensationTime 5ms
2023-05-16 15:22:52,038 [Eureka-EvictionTimer] INFO  AbstractInstanceRegistry - Running the evict task with compensationTime 0ms
2023-05-16 15:23:52,039 [Eureka-EvictionTimer] INFO  AbstractInstanceRegistry - Running the evict task with compensationTime 0ms
2023-05-16 15:24:52,054 [Eureka-EvictionTimer] INFO  AbstractInstanceRegistry - Running the evict task with compensationTime 16ms
2023-05-16 15:25:52,054 [Eureka-EvictionTimer] INFO  AbstractInstanceRegistry - Running the evict task with compensationTime 0ms
2023-05-16 15:26:19,675 [AsyncResolver-bootstrap-executor-0] INFO  ConfigClusterResolver - Resolving eureka endpoints via configuration
2023-05-16 15:26:52,069 [Eureka-EvictionTimer] INFO  AbstractInstanceRegistry - Running the evict task with compensationTime 15ms
2023-05-16 15:27:52,069 [Eureka-EvictionTimer] INFO  AbstractInstanceRegistry - Running the evict task with compensationTime 0ms
2023-05-16 15:28:52,076 [Eureka-EvictionTimer] INFO  AbstractInstanceRegistry - Running the evict task with compensationTime 6ms
2023-05-16 15:29:52,076 [Eureka-EvictionTimer] INFO  AbstractInstanceRegistry - Running the evict task with compensationTime 0ms
2023-05-16 15:30:52,077 [Eureka-EvictionTimer] INFO  AbstractInstanceRegistry - Running the evict task with compensationTime 0ms
2023-05-16 15:31:19,678 [AsyncResolver-bootstrap-executor-0] INFO  ConfigClusterResolver - Resolving eureka endpoints via configuration
2023-05-16 15:31:21,615 [ReplicaAwareInstanceRegistry - RenewalThresholdUpdater] INFO  PeerAwareInstanceRegistryImpl - Current renewal threshold is : 5
2023-05-16 15:31:52,080 [Eureka-EvictionTimer] INFO  AbstractInstanceRegistry - Running the evict task with compensationTime 3ms
2023-05-16 15:32:52,081 [Eureka-EvictionTimer] INFO  AbstractInstanceRegistry - Running the evict task with compensationTime 1ms
2023-05-16 15:33:52,082 [Eureka-EvictionTimer] INFO  AbstractInstanceRegistry - Running the evict task with compensationTime 0ms
2023-05-16 15:34:52,083 [Eureka-EvictionTimer] INFO  AbstractInstanceRegistry - Running the evict task with compensationTime 0ms
2023-05-16 15:35:03,755 [RMI TCP Connection(35)-127.0.0.1] INFO  SpringApplicationAdminMXBeanRegistrar$SpringApplicationAdmin - Application shutdown requested.
2023-05-16 15:35:03,761 [RMI TCP Connection(35)-127.0.0.1] INFO  EurekaServiceRegistry - Unregistering application BILLING-MANAGEMENT with eureka with status DOWN
2023-05-16 15:35:03,762 [RMI TCP Connection(35)-127.0.0.1] INFO  DiscoveryClient - Saw local status change event StatusChangeEvent [timestamp=1684231503762, current=DOWN, previous=UP]
2023-05-16 15:35:03,763 [DiscoveryClient-InstanceInfoReplicator-0] INFO  DiscoveryClient - DiscoveryClient_BILLING-MANAGEMENT/LAPTOP-5IVJGTKS:BILLING-MANAGEMENT:9001: registering service...
2023-05-16 15:35:03,775 [DiscoveryClient-InstanceInfoReplicator-0] INFO  DiscoveryClient - DiscoveryClient_BILLING-MANAGEMENT/LAPTOP-5IVJGTKS:BILLING-MANAGEMENT:9001 - registration status: 204
2023-05-16 15:35:03,806 [RMI TCP Connection(35)-127.0.0.1] INFO  Http11NioProtocol - Pausing ProtocolHandler ["http-nio-9001"]
2023-05-16 15:35:03,807 [RMI TCP Connection(35)-127.0.0.1] INFO  StandardService - Stopping service [Tomcat]
2023-05-16 15:35:03,813 [RMI TCP Connection(35)-127.0.0.1] INFO  [/] - Destroying Spring FrameworkServlet 'dispatcherServlet'
2023-05-16 15:35:03,839 [RMI TCP Connection(35)-127.0.0.1] INFO  Http11NioProtocol - Stopping ProtocolHandler ["http-nio-9001"]
2023-05-16 15:35:03,843 [RMI TCP Connection(35)-127.0.0.1] INFO  Http11NioProtocol - Destroying ProtocolHandler ["http-nio-9001"]
2023-05-16 15:35:03,846 [RMI TCP Connection(35)-127.0.0.1] INFO  EurekaServerBootstrap - Shutting down Eureka Server..
2023-05-16 15:35:03,858 [RMI TCP Connection(35)-127.0.0.1] INFO  DefaultEurekaServerContext - Shutting down ...
2023-05-16 15:35:03,863 [RMI TCP Connection(35)-127.0.0.1] INFO  StatsMonitor - Attempting to get the value for an expired monitor: eurekaServer.replication.batchSize.Will start computing stats again.
2023-05-16 15:35:03,866 [RMI TCP Connection(35)-127.0.0.1] INFO  StatsMonitor - Attempting to get the value for an expired monitor: eurekaServer.replication.executionTime.Will start computing stats again.
2023-05-16 15:35:03,867 [RMI TCP Connection(35)-127.0.0.1] INFO  StatsMonitor - Attempting to get the value for an expired monitor: eurekaServer.replication.executionTime.Will start computing stats again.
2023-05-16 15:35:03,869 [RMI TCP Connection(35)-127.0.0.1] INFO  StatsMonitor - Attempting to get the value for an expired monitor: eurekaServer.replication.batchSize.Will start computing stats again.
2023-05-16 15:35:03,888 [RMI TCP Connection(35)-127.0.0.1] INFO  DefaultEurekaServerContext - Shut down
2023-05-16 15:35:03,889 [RMI TCP Connection(35)-127.0.0.1] INFO  EurekaServerBootstrap - Eureka Service is now shutdown...
2023-05-16 15:35:03,891 [RMI TCP Connection(35)-127.0.0.1] INFO  DefaultEurekaServerContext - Shutting down ...
2023-05-16 15:35:03,906 [RMI TCP Connection(35)-127.0.0.1] INFO  DefaultEurekaServerContext - Shut down
2023-05-16 15:35:03,925 [RMI TCP Connection(35)-127.0.0.1] INFO  LocalContainerEntityManagerFactoryBean - Closing JPA EntityManagerFactory for persistence unit 'default'
2023-05-16 15:35:03,955 [RMI TCP Connection(35)-127.0.0.1] INFO  HikariDataSource - HikariPool-1 - Shutdown initiated...
2023-05-16 15:35:03,978 [RMI TCP Connection(35)-127.0.0.1] INFO  HikariDataSource - HikariPool-1 - Shutdown completed.
2023-05-16 15:35:03,982 [RMI TCP Connection(35)-127.0.0.1] INFO  DiscoveryClient - Shutting down DiscoveryClient ...
2023-05-16 15:35:06,986 [RMI TCP Connection(35)-127.0.0.1] INFO  DiscoveryClient - Unregistering ...
2023-05-16 15:35:07,013 [RMI TCP Connection(35)-127.0.0.1] INFO  DiscoveryClient - DiscoveryClient_BILLING-MANAGEMENT/LAPTOP-5IVJGTKS:BILLING-MANAGEMENT:9001 - deregister  status: 200
2023-05-16 15:35:07,029 [RMI TCP Connection(35)-127.0.0.1] INFO  DiscoveryClient - Completed shut down of DiscoveryClient
2023-05-16 15:44:36,953 [main] INFO  BillingManagementApplication - Starting BillingManagementApplication using Java 17.0.6 on LAPTOP-5IVJGTKS with PID 15452 (C:\Users\Ruheena Zainab L\Downloads\PROJECT\billing-management\target\classes started by Ruheena Zainab L in C:\Users\Ruheena Zainab L\Downloads\PROJECT\billing-management)
2023-05-16 15:44:36,959 [main] DEBUG BillingManagementApplication - Running with Spring Boot v2.7.8, Spring v5.3.25
2023-05-16 15:44:36,960 [main] INFO  BillingManagementApplication - No active profile set, falling back to 1 default profile: "default"
2023-05-16 15:44:38,349 [main] INFO  RepositoryConfigurationDelegate - Bootstrapping Spring Data JPA repositories in DEFAULT mode.
2023-05-16 15:44:38,605 [main] INFO  RepositoryConfigurationDelegate - Finished Spring Data repository scanning in 244 ms. Found 1 JPA repository interfaces.
2023-05-16 15:44:38,977 [main] INFO  GenericScope - BeanFactory id=df7ecebe-6b16-3969-bf40-320902b797fb
2023-05-16 15:44:39,523 [main] INFO  TomcatWebServer - Tomcat initialized with port(s): 8761 (http)
2023-05-16 15:44:39,545 [main] INFO  Http11NioProtocol - Initializing ProtocolHandler ["http-nio-8761"]
2023-05-16 15:44:39,546 [main] INFO  StandardService - Starting service [Tomcat]
2023-05-16 15:44:39,546 [main] INFO  StandardEngine - Starting Servlet engine: [Apache Tomcat/9.0.71]
2023-05-16 15:44:39,740 [main] INFO  [/] - Initializing Spring embedded WebApplicationContext
2023-05-16 15:44:39,741 [main] INFO  ServletWebServerApplicationContext - Root WebApplicationContext: initialization completed in 2699 ms
2023-05-16 15:44:40,390 [main] INFO  WebApplicationImpl - Initiating Jersey application, version 'Jersey: 1.19.4 05/24/2017 03:20 PM'
2023-05-16 15:44:40,474 [main] INFO  DiscoveryJerseyProvider - Using JSON encoding codec LegacyJacksonJson
2023-05-16 15:44:40,475 [main] INFO  DiscoveryJerseyProvider - Using JSON decoding codec LegacyJacksonJson
2023-05-16 15:44:40,723 [main] INFO  DiscoveryJerseyProvider - Using XML encoding codec XStreamXml
2023-05-16 15:44:40,723 [main] INFO  DiscoveryJerseyProvider - Using XML decoding codec XStreamXml
2023-05-16 15:44:41,336 [main] INFO  LogHelper - HHH000204: Processing PersistenceUnitInfo [name: default]
2023-05-16 15:44:41,433 [main] INFO  Version - HHH000412: Hibernate ORM core version 5.6.14.Final
2023-05-16 15:44:41,707 [main] INFO  Version - HCANN000001: Hibernate Commons Annotations {5.1.2.Final}
2023-05-16 15:44:41,888 [main] INFO  HikariDataSource - HikariPool-1 - Starting...
2023-05-16 15:44:42,502 [main] INFO  HikariDataSource - HikariPool-1 - Start completed.
2023-05-16 15:44:42,643 [main] INFO  Dialect - HHH000400: Using dialect: org.hibernate.dialect.MySQL8Dialect
2023-05-16 15:44:43,595 [main] INFO  JtaPlatformInitiator - HHH000490: Using JtaPlatform implementation: [org.hibernate.engine.transaction.jta.platform.internal.NoJtaPlatform]
2023-05-16 15:44:43,609 [main] INFO  LocalContainerEntityManagerFactoryBean - Initialized JPA EntityManagerFactory for persistence unit 'default'
2023-05-16 15:44:44,139 [main] WARN  JpaBaseConfiguration$JpaWebConfiguration - spring.jpa.open-in-view is enabled by default. Therefore, database queries may be performed during view rendering. Explicitly configure spring.jpa.open-in-view to disable this warning
2023-05-16 15:44:45,397 [main] INFO  DiscoveryClientOptionalArgsConfiguration - Eureka HTTP Client uses Jersey
2023-05-16 15:44:45,476 [main] WARN  LoadBalancerCacheAutoConfiguration$LoadBalancerCaffeineWarnLogger - Spring Cloud LoadBalancer is currently working with the default cache. While this cache implementation is useful for development and tests, it's recommended to use Caffeine cache in production.You can switch to using Caffeine cache, by adding it and org.springframework.cache.caffeine.CaffeineCacheManager to the classpath.
2023-05-16 15:44:45,506 [main] INFO  InstanceInfoFactory - Setting initial instance status as: STARTING
2023-05-16 15:44:45,559 [main] INFO  DiscoveryClient - Initializing Eureka in region us-east-1
2023-05-16 15:44:45,659 [main] INFO  DiscoveryJerseyProvider - Using JSON encoding codec LegacyJacksonJson
2023-05-16 15:44:45,659 [main] INFO  DiscoveryJerseyProvider - Using JSON decoding codec LegacyJacksonJson
2023-05-16 15:44:45,659 [main] INFO  DiscoveryJerseyProvider - Using XML encoding codec XStreamXml
2023-05-16 15:44:45,659 [main] INFO  DiscoveryJerseyProvider - Using XML decoding codec XStreamXml
2023-05-16 15:44:45,790 [main] INFO  ConfigClusterResolver - Resolving eureka endpoints via configuration
2023-05-16 15:44:45,822 [main] INFO  DiscoveryClient - Disable delta property : false
2023-05-16 15:44:45,822 [main] INFO  DiscoveryClient - Single vip registry refresh property : null
2023-05-16 15:44:45,822 [main] INFO  DiscoveryClient - Force full registry fetch : false
2023-05-16 15:44:45,822 [main] INFO  DiscoveryClient - Application is null : false
2023-05-16 15:44:45,822 [main] INFO  DiscoveryClient - Registered Applications size is zero : true
2023-05-16 15:44:45,822 [main] INFO  DiscoveryClient - Application version is -1: true
2023-05-16 15:44:45,822 [main] INFO  DiscoveryClient - Getting all instance registry info from the eureka server
2023-05-16 15:44:46,245 [main] INFO  DiscoveryClient - The response status is 200
2023-05-16 15:44:46,249 [main] INFO  DiscoveryClient - Starting heartbeat executor: renew interval is: 30
2023-05-16 15:44:46,255 [main] INFO  InstanceInfoReplicator - InstanceInfoReplicator onDemand update allowed rate per min is 4
2023-05-16 15:44:46,263 [main] INFO  DiscoveryClient - Discovery Client initialized at timestamp 1684232086260 with initial instances count: 0
2023-05-16 15:44:46,321 [main] INFO  DefaultEurekaServerContext - Initializing ...
2023-05-16 15:44:46,323 [main] INFO  PeerEurekaNodes - Adding new peer nodes [http://localhost:8761/eureka/]
2023-05-16 15:44:46,330 [main] INFO  DiscoveryJerseyProvider - Using JSON encoding codec LegacyJacksonJson
2023-05-16 15:44:46,330 [main] INFO  DiscoveryJerseyProvider - Using JSON decoding codec LegacyJacksonJson
2023-05-16 15:44:46,330 [main] INFO  DiscoveryJerseyProvider - Using XML encoding codec XStreamXml
2023-05-16 15:44:46,330 [main] INFO  DiscoveryJerseyProvider - Using XML decoding codec XStreamXml
2023-05-16 15:44:46,415 [main] INFO  PeerEurekaNodes - Replica node URL:  http://localhost:8761/eureka/
2023-05-16 15:44:46,425 [main] INFO  AbstractInstanceRegistry - Finished initializing remote region registries. All known remote regions: []
2023-05-16 15:44:46,427 [main] INFO  DefaultEurekaServerContext - Initialized
2023-05-16 15:44:46,437 [main] INFO  EndpointLinksResolver - Exposing 1 endpoint(s) beneath base path '/actuator'
2023-05-16 15:44:46,516 [main] INFO  EurekaServiceRegistry - Registering application BILLING-MANAGEMENT with eureka with status UP
2023-05-16 15:44:46,517 [main] INFO  DiscoveryClient - Saw local status change event StatusChangeEvent [timestamp=1684232086517, current=UP, previous=STARTING]
2023-05-16 15:44:46,523 [DiscoveryClient-InstanceInfoReplicator-0] INFO  DiscoveryClient - DiscoveryClient_BILLING-MANAGEMENT/LAPTOP-5IVJGTKS:BILLING-MANAGEMENT:8761: registering service...
2023-05-16 15:44:46,525 [main] INFO  Http11NioProtocol - Starting ProtocolHandler ["http-nio-8761"]
2023-05-16 15:44:46,538 [main] WARN  AnnotationConfigServletWebServerApplicationContext - Exception encountered during context initialization - cancelling refresh attempt: org.springframework.context.ApplicationContextException: Failed to start bean 'webServerStartStop'; nested exception is org.springframework.boot.web.server.PortInUseException: Port 8761 is already in use
2023-05-16 15:44:46,539 [main] INFO  DefaultEurekaServerContext - Shutting down ...
2023-05-16 15:44:46,547 [Thread-10] INFO  EurekaServerBootstrap - isAws returned false
2023-05-16 15:44:46,548 [Thread-10] INFO  EurekaServerBootstrap - Initialized server context
2023-05-16 15:44:46,579 [main] INFO  DefaultEurekaServerContext - Shut down
2023-05-16 15:44:46,590 [main] INFO  LocalContainerEntityManagerFactoryBean - Closing JPA EntityManagerFactory for persistence unit 'default'
2023-05-16 15:44:46,598 [main] INFO  HikariDataSource - HikariPool-1 - Shutdown initiated...
2023-05-16 15:44:46,615 [main] INFO  HikariDataSource - HikariPool-1 - Shutdown completed.
2023-05-16 15:44:46,617 [main] INFO  DiscoveryClient - Shutting down DiscoveryClient ...
2023-05-16 15:44:46,703 [DiscoveryClient-InstanceInfoReplicator-0] INFO  DiscoveryClient - DiscoveryClient_BILLING-MANAGEMENT/LAPTOP-5IVJGTKS:BILLING-MANAGEMENT:8761 - registration status: 204
2023-05-16 15:44:46,705 [main] INFO  DiscoveryClient - Unregistering ...
2023-05-16 15:44:46,723 [main] INFO  DiscoveryClient - DiscoveryClient_BILLING-MANAGEMENT/LAPTOP-5IVJGTKS:BILLING-MANAGEMENT:8761 - deregister  status: 200
2023-05-16 15:44:46,735 [main] INFO  DiscoveryClient - Completed shut down of DiscoveryClient
2023-05-16 15:44:46,738 [main] INFO  Http11NioProtocol - Pausing ProtocolHandler ["http-nio-8761"]
2023-05-16 15:44:46,739 [main] INFO  StandardService - Stopping service [Tomcat]
2023-05-16 15:44:46,748 [main] INFO  Http11NioProtocol - Stopping ProtocolHandler ["http-nio-8761"]
2023-05-16 15:44:46,749 [main] INFO  Http11NioProtocol - Destroying ProtocolHandler ["http-nio-8761"]
2023-05-16 15:44:46,769 [main] INFO  ConditionEvaluationReportLoggingListener - 

Error starting ApplicationContext. To display the conditions report re-run your application with 'debug' enabled.
2023-05-16 15:44:46,810 [main] ERROR LoggingFailureAnalysisReporter - 

***************************
APPLICATION FAILED TO START
***************************

Description:

Web server failed to start. Port 8761 was already in use.

Action:

Identify and stop the process that's listening on port 8761 or configure this application to listen on another port.

2023-05-16 15:47:10,281 [main] INFO  BillingManagementApplication - Starting BillingManagementApplication using Java 17.0.6 on LAPTOP-5IVJGTKS with PID 9484 (C:\Users\Ruheena Zainab L\Downloads\PROJECT\billing-management\target\classes started by Ruheena Zainab L in C:\Users\Ruheena Zainab L\Downloads\PROJECT\billing-management)
2023-05-16 15:47:10,286 [main] DEBUG BillingManagementApplication - Running with Spring Boot v2.7.8, Spring v5.3.25
2023-05-16 15:47:10,287 [main] INFO  BillingManagementApplication - No active profile set, falling back to 1 default profile: "default"
2023-05-16 15:47:11,601 [main] INFO  RepositoryConfigurationDelegate - Bootstrapping Spring Data JPA repositories in DEFAULT mode.
2023-05-16 15:47:11,809 [main] INFO  RepositoryConfigurationDelegate - Finished Spring Data repository scanning in 193 ms. Found 1 JPA repository interfaces.
2023-05-16 15:47:12,143 [main] INFO  GenericScope - BeanFactory id=df7ecebe-6b16-3969-bf40-320902b797fb
2023-05-16 15:47:12,664 [main] INFO  TomcatWebServer - Tomcat initialized with port(s): 9001 (http)
2023-05-16 15:47:12,685 [main] INFO  Http11NioProtocol - Initializing ProtocolHandler ["http-nio-9001"]
2023-05-16 15:47:12,686 [main] INFO  StandardService - Starting service [Tomcat]
2023-05-16 15:47:12,686 [main] INFO  StandardEngine - Starting Servlet engine: [Apache Tomcat/9.0.71]
2023-05-16 15:47:12,853 [main] INFO  [/] - Initializing Spring embedded WebApplicationContext
2023-05-16 15:47:12,854 [main] INFO  ServletWebServerApplicationContext - Root WebApplicationContext: initialization completed in 2472 ms
2023-05-16 15:47:13,450 [main] INFO  WebApplicationImpl - Initiating Jersey application, version 'Jersey: 1.19.4 05/24/2017 03:20 PM'
2023-05-16 15:47:13,531 [main] INFO  DiscoveryJerseyProvider - Using JSON encoding codec LegacyJacksonJson
2023-05-16 15:47:13,532 [main] INFO  DiscoveryJerseyProvider - Using JSON decoding codec LegacyJacksonJson
2023-05-16 15:47:13,777 [main] INFO  DiscoveryJerseyProvider - Using XML encoding codec XStreamXml
2023-05-16 15:47:13,778 [main] INFO  DiscoveryJerseyProvider - Using XML decoding codec XStreamXml
2023-05-16 15:47:14,354 [main] INFO  LogHelper - HHH000204: Processing PersistenceUnitInfo [name: default]
2023-05-16 15:47:14,429 [main] INFO  Version - HHH000412: Hibernate ORM core version 5.6.14.Final
2023-05-16 15:47:14,661 [main] INFO  Version - HCANN000001: Hibernate Commons Annotations {5.1.2.Final}
2023-05-16 15:47:14,838 [main] INFO  HikariDataSource - HikariPool-1 - Starting...
2023-05-16 15:47:15,416 [main] INFO  HikariDataSource - HikariPool-1 - Start completed.
2023-05-16 15:47:15,537 [main] INFO  Dialect - HHH000400: Using dialect: org.hibernate.dialect.MySQL8Dialect
2023-05-16 15:47:16,444 [main] INFO  JtaPlatformInitiator - HHH000490: Using JtaPlatform implementation: [org.hibernate.engine.transaction.jta.platform.internal.NoJtaPlatform]
2023-05-16 15:47:16,461 [main] INFO  LocalContainerEntityManagerFactoryBean - Initialized JPA EntityManagerFactory for persistence unit 'default'
2023-05-16 15:47:17,026 [main] WARN  JpaBaseConfiguration$JpaWebConfiguration - spring.jpa.open-in-view is enabled by default. Therefore, database queries may be performed during view rendering. Explicitly configure spring.jpa.open-in-view to disable this warning
2023-05-16 15:47:18,383 [main] INFO  DiscoveryClientOptionalArgsConfiguration - Eureka HTTP Client uses Jersey
2023-05-16 15:47:18,461 [main] WARN  LoadBalancerCacheAutoConfiguration$LoadBalancerCaffeineWarnLogger - Spring Cloud LoadBalancer is currently working with the default cache. While this cache implementation is useful for development and tests, it's recommended to use Caffeine cache in production.You can switch to using Caffeine cache, by adding it and org.springframework.cache.caffeine.CaffeineCacheManager to the classpath.
2023-05-16 15:47:18,500 [main] INFO  InstanceInfoFactory - Setting initial instance status as: STARTING
2023-05-16 15:47:18,578 [main] INFO  DiscoveryClient - Initializing Eureka in region us-east-1
2023-05-16 15:47:18,699 [main] INFO  DiscoveryJerseyProvider - Using JSON encoding codec LegacyJacksonJson
2023-05-16 15:47:18,699 [main] INFO  DiscoveryJerseyProvider - Using JSON decoding codec LegacyJacksonJson
2023-05-16 15:47:18,699 [main] INFO  DiscoveryJerseyProvider - Using XML encoding codec XStreamXml
2023-05-16 15:47:18,699 [main] INFO  DiscoveryJerseyProvider - Using XML decoding codec XStreamXml
2023-05-16 15:47:18,812 [main] INFO  ConfigClusterResolver - Resolving eureka endpoints via configuration
2023-05-16 15:47:18,844 [main] INFO  DiscoveryClient - Disable delta property : false
2023-05-16 15:47:18,844 [main] INFO  DiscoveryClient - Single vip registry refresh property : null
2023-05-16 15:47:18,844 [main] INFO  DiscoveryClient - Force full registry fetch : false
2023-05-16 15:47:18,844 [main] INFO  DiscoveryClient - Application is null : false
2023-05-16 15:47:18,844 [main] INFO  DiscoveryClient - Registered Applications size is zero : true
2023-05-16 15:47:18,845 [main] INFO  DiscoveryClient - Application version is -1: true
2023-05-16 15:47:18,845 [main] INFO  DiscoveryClient - Getting all instance registry info from the eureka server
2023-05-16 15:47:19,023 [main] INFO  DiscoveryClient - The response status is 200
2023-05-16 15:47:19,028 [main] INFO  DiscoveryClient - Starting heartbeat executor: renew interval is: 30
2023-05-16 15:47:19,034 [main] INFO  InstanceInfoReplicator - InstanceInfoReplicator onDemand update allowed rate per min is 4
2023-05-16 15:47:19,041 [main] INFO  DiscoveryClient - Discovery Client initialized at timestamp 1684232239038 with initial instances count: 0
2023-05-16 15:47:19,110 [main] INFO  DefaultEurekaServerContext - Initializing ...
2023-05-16 15:47:19,112 [main] INFO  PeerEurekaNodes - Adding new peer nodes [http://localhost:8761/eureka/]
2023-05-16 15:47:19,116 [main] INFO  DiscoveryJerseyProvider - Using JSON encoding codec LegacyJacksonJson
2023-05-16 15:47:19,116 [main] INFO  DiscoveryJerseyProvider - Using JSON decoding codec LegacyJacksonJson
2023-05-16 15:47:19,116 [main] INFO  DiscoveryJerseyProvider - Using XML encoding codec XStreamXml
2023-05-16 15:47:19,116 [main] INFO  DiscoveryJerseyProvider - Using XML decoding codec XStreamXml
2023-05-16 15:47:19,208 [main] INFO  PeerEurekaNodes - Replica node URL:  http://localhost:8761/eureka/
2023-05-16 15:47:19,219 [main] INFO  AbstractInstanceRegistry - Finished initializing remote region registries. All known remote regions: []
2023-05-16 15:47:19,220 [main] INFO  DefaultEurekaServerContext - Initialized
2023-05-16 15:47:19,232 [main] INFO  EndpointLinksResolver - Exposing 1 endpoint(s) beneath base path '/actuator'
2023-05-16 15:47:19,312 [main] INFO  EurekaServiceRegistry - Registering application BILLING-MANAGEMENT with eureka with status UP
2023-05-16 15:47:19,313 [main] INFO  DiscoveryClient - Saw local status change event StatusChangeEvent [timestamp=1684232239313, current=UP, previous=STARTING]
2023-05-16 15:47:19,321 [DiscoveryClient-InstanceInfoReplicator-0] INFO  DiscoveryClient - DiscoveryClient_BILLING-MANAGEMENT/LAPTOP-5IVJGTKS:BILLING-MANAGEMENT:9001: registering service...
2023-05-16 15:47:19,321 [main] INFO  Http11NioProtocol - Starting ProtocolHandler ["http-nio-9001"]
2023-05-16 15:47:19,349 [Thread-10] INFO  EurekaServerBootstrap - isAws returned false
2023-05-16 15:47:19,349 [Thread-10] INFO  EurekaServerBootstrap - Initialized server context
2023-05-16 15:47:19,381 [main] INFO  TomcatWebServer - Tomcat started on port(s): 9001 (http) with context path ''
2023-05-16 15:47:19,382 [main] INFO  EurekaAutoServiceRegistration - Updating port to 9001
2023-05-16 15:47:19,431 [DiscoveryClient-InstanceInfoReplicator-0] INFO  DiscoveryClient - DiscoveryClient_BILLING-MANAGEMENT/LAPTOP-5IVJGTKS:BILLING-MANAGEMENT:9001 - registration status: 204
2023-05-16 15:47:19,585 [main] INFO  BillingManagementApplication - Started BillingManagementApplication in 10.175 seconds (JVM running for 14.368)
2023-05-16 15:47:20,691 [RMI TCP Connection(11)-127.0.0.1] INFO  [/] - Initializing Spring DispatcherServlet 'dispatcherServlet'
2023-05-16 15:47:20,691 [RMI TCP Connection(11)-127.0.0.1] INFO  DispatcherServlet - Initializing Servlet 'dispatcherServlet'
2023-05-16 15:47:20,695 [RMI TCP Connection(11)-127.0.0.1] INFO  DispatcherServlet - Completed initialization in 3 ms
2023-05-16 15:47:49,040 [DiscoveryClient-CacheRefreshExecutor-0] INFO  DiscoveryClient - Disable delta property : false
2023-05-16 15:47:49,041 [DiscoveryClient-CacheRefreshExecutor-0] INFO  DiscoveryClient - Single vip registry refresh property : null
2023-05-16 15:47:49,042 [DiscoveryClient-CacheRefreshExecutor-0] INFO  DiscoveryClient - Force full registry fetch : false
2023-05-16 15:47:49,043 [DiscoveryClient-CacheRefreshExecutor-0] INFO  DiscoveryClient - Application is null : false
2023-05-16 15:47:49,043 [DiscoveryClient-CacheRefreshExecutor-0] INFO  DiscoveryClient - Registered Applications size is zero : true
2023-05-16 15:47:49,043 [DiscoveryClient-CacheRefreshExecutor-0] INFO  DiscoveryClient - Application version is -1: false
2023-05-16 15:47:49,043 [DiscoveryClient-CacheRefreshExecutor-0] INFO  DiscoveryClient - Getting all instance registry info from the eureka server
2023-05-16 15:47:49,107 [DiscoveryClient-CacheRefreshExecutor-0] INFO  DiscoveryClient - The response status is 200
2023-05-16 15:47:49,361 [Thread-10] INFO  AbstractInstanceRegistry - Registered instance BILLING-MANAGEMENT/LAPTOP-5IVJGTKS:BILLING-MANAGEMENT:9001 with status UP (replication=true)
2023-05-16 15:47:49,362 [Thread-10] INFO  PeerAwareInstanceRegistryImpl - Got 1 instances from neighboring DS node
2023-05-16 15:47:49,362 [Thread-10] INFO  PeerAwareInstanceRegistryImpl - Renew threshold is: 1
2023-05-16 15:47:49,362 [Thread-10] INFO  PeerAwareInstanceRegistryImpl - Changing status to UP
2023-05-16 15:47:49,370 [Thread-10] INFO  EurekaServerInitializerConfiguration - Started Eureka Server
2023-05-16 15:48:49,378 [Eureka-EvictionTimer] INFO  AbstractInstanceRegistry - Running the evict task with compensationTime 0ms
2023-05-16 15:49:49,391 [Eureka-EvictionTimer] INFO  AbstractInstanceRegistry - Running the evict task with compensationTime 14ms
2023-05-16 15:50:49,398 [Eureka-EvictionTimer] INFO  AbstractInstanceRegistry - Running the evict task with compensationTime 6ms
2023-05-16 15:51:49,406 [Eureka-EvictionTimer] INFO  AbstractInstanceRegistry - Running the evict task with compensationTime 8ms
2023-05-16 15:52:18,851 [AsyncResolver-bootstrap-executor-0] INFO  ConfigClusterResolver - Resolving eureka endpoints via configuration
2023-05-16 15:52:49,421 [Eureka-EvictionTimer] INFO  AbstractInstanceRegistry - Running the evict task with compensationTime 14ms
2023-05-16 15:53:49,430 [Eureka-EvictionTimer] INFO  AbstractInstanceRegistry - Running the evict task with compensationTime 9ms
2023-05-16 15:54:49,431 [Eureka-EvictionTimer] INFO  AbstractInstanceRegistry - Running the evict task with compensationTime 0ms
2023-05-16 15:55:49,443 [Eureka-EvictionTimer] INFO  AbstractInstanceRegistry - Running the evict task with compensationTime 11ms
2023-05-16 15:56:49,454 [Eureka-EvictionTimer] INFO  AbstractInstanceRegistry - Running the evict task with compensationTime 11ms
2023-05-16 15:57:18,869 [AsyncResolver-bootstrap-executor-0] INFO  ConfigClusterResolver - Resolving eureka endpoints via configuration
2023-05-16 15:57:49,470 [Eureka-EvictionTimer] INFO  AbstractInstanceRegistry - Running the evict task with compensationTime 15ms
2023-05-16 15:58:49,481 [Eureka-EvictionTimer] INFO  AbstractInstanceRegistry - Running the evict task with compensationTime 11ms
2023-05-16 15:59:49,484 [Eureka-EvictionTimer] INFO  AbstractInstanceRegistry - Running the evict task with compensationTime 3ms
2023-05-16 16:00:49,499 [Eureka-EvictionTimer] INFO  AbstractInstanceRegistry - Running the evict task with compensationTime 14ms
2023-05-16 16:01:49,505 [Eureka-EvictionTimer] INFO  AbstractInstanceRegistry - Running the evict task with compensationTime 5ms
2023-05-16 16:02:18,880 [AsyncResolver-bootstrap-executor-0] INFO  ConfigClusterResolver - Resolving eureka endpoints via configuration
2023-05-16 16:02:19,220 [ReplicaAwareInstanceRegistry - RenewalThresholdUpdater] INFO  PeerAwareInstanceRegistryImpl - Current renewal threshold is : 1
2023-05-16 16:02:49,515 [Eureka-EvictionTimer] INFO  AbstractInstanceRegistry - Running the evict task with compensationTime 10ms
2023-05-16 16:03:49,523 [Eureka-EvictionTimer] INFO  AbstractInstanceRegistry - Running the evict task with compensationTime 8ms
2023-05-16 16:04:49,535 [Eureka-EvictionTimer] INFO  AbstractInstanceRegistry - Running the evict task with compensationTime 11ms
2023-05-16 16:05:49,538 [Eureka-EvictionTimer] INFO  AbstractInstanceRegistry - Running the evict task with compensationTime 2ms
2023-05-16 16:06:49,542 [Eureka-EvictionTimer] INFO  AbstractInstanceRegistry - Running the evict task with compensationTime 4ms
2023-05-16 16:07:18,890 [AsyncResolver-bootstrap-executor-0] INFO  ConfigClusterResolver - Resolving eureka endpoints via configuration
2023-05-16 16:07:49,549 [Eureka-EvictionTimer] INFO  AbstractInstanceRegistry - Running the evict task with compensationTime 6ms
2023-05-16 16:08:49,555 [Eureka-EvictionTimer] INFO  AbstractInstanceRegistry - Running the evict task with compensationTime 6ms
2023-05-16 16:09:49,562 [Eureka-EvictionTimer] INFO  AbstractInstanceRegistry - Running the evict task with compensationTime 6ms
2023-05-16 16:10:49,568 [Eureka-EvictionTimer] INFO  AbstractInstanceRegistry - Running the evict task with compensationTime 6ms
2023-05-16 16:11:49,573 [Eureka-EvictionTimer] INFO  AbstractInstanceRegistry - Running the evict task with compensationTime 5ms
2023-05-16 16:12:18,896 [AsyncResolver-bootstrap-executor-0] INFO  ConfigClusterResolver - Resolving eureka endpoints via configuration
2023-05-16 16:12:49,579 [Eureka-EvictionTimer] INFO  AbstractInstanceRegistry - Running the evict task with compensationTime 5ms
2023-05-16 16:13:49,583 [Eureka-EvictionTimer] INFO  AbstractInstanceRegistry - Running the evict task with compensationTime 4ms
2023-05-16 17:41:32,486 [HikariPool-1 housekeeper] WARN  HikariPool - HikariPool-1 - Thread starvation or clock leap detected (housekeeper delta=1h27m16s548ms84s800ns).
2023-05-16 17:41:36,122 [Eureka-EvictionTimer] INFO  AbstractInstanceRegistry - Running the evict task with compensationTime 5206545ms
2023-05-16 17:42:20,878 [RMI TCP Connection(41)-127.0.0.1] INFO  SpringApplicationAdminMXBeanRegistrar$SpringApplicationAdmin - Application shutdown requested.
2023-05-16 17:42:20,879 [RMI TCP Connection(41)-127.0.0.1] INFO  EurekaServiceRegistry - Unregistering application BILLING-MANAGEMENT with eureka with status DOWN
2023-05-16 17:42:20,880 [RMI TCP Connection(41)-127.0.0.1] INFO  DiscoveryClient - Saw local status change event StatusChangeEvent [timestamp=1684239140880, current=DOWN, previous=UP]
2023-05-16 17:42:20,882 [DiscoveryClient-InstanceInfoReplicator-0] INFO  DiscoveryClient - DiscoveryClient_BILLING-MANAGEMENT/LAPTOP-5IVJGTKS:BILLING-MANAGEMENT:9001: registering service...
2023-05-16 17:42:20,890 [DiscoveryClient-InstanceInfoReplicator-0] INFO  DiscoveryClient - DiscoveryClient_BILLING-MANAGEMENT/LAPTOP-5IVJGTKS:BILLING-MANAGEMENT:9001 - registration status: 204
2023-05-16 17:42:20,916 [RMI TCP Connection(41)-127.0.0.1] INFO  Http11NioProtocol - Pausing ProtocolHandler ["http-nio-9001"]
2023-05-16 17:42:20,917 [RMI TCP Connection(41)-127.0.0.1] INFO  StandardService - Stopping service [Tomcat]
2023-05-16 17:42:20,920 [RMI TCP Connection(41)-127.0.0.1] INFO  [/] - Destroying Spring FrameworkServlet 'dispatcherServlet'
2023-05-16 17:42:20,935 [RMI TCP Connection(41)-127.0.0.1] INFO  Http11NioProtocol - Stopping ProtocolHandler ["http-nio-9001"]
2023-05-16 17:42:20,945 [RMI TCP Connection(41)-127.0.0.1] INFO  Http11NioProtocol - Destroying ProtocolHandler ["http-nio-9001"]
2023-05-16 17:42:20,945 [RMI TCP Connection(41)-127.0.0.1] INFO  EurekaServerBootstrap - Shutting down Eureka Server..
2023-05-16 17:42:20,951 [RMI TCP Connection(41)-127.0.0.1] INFO  DefaultEurekaServerContext - Shutting down ...
2023-05-16 17:42:20,952 [RMI TCP Connection(41)-127.0.0.1] INFO  StatsMonitor - Attempting to get the value for an expired monitor: eurekaServer.replication.batchSize.Will start computing stats again.
2023-05-16 17:42:20,954 [RMI TCP Connection(41)-127.0.0.1] INFO  StatsMonitor - Attempting to get the value for an expired monitor: eurekaServer.replication.executionTime.Will start computing stats again.
2023-05-16 17:42:20,956 [RMI TCP Connection(41)-127.0.0.1] INFO  StatsMonitor - Attempting to get the value for an expired monitor: eurekaServer.replication.executionTime.Will start computing stats again.
2023-05-16 17:42:20,958 [RMI TCP Connection(41)-127.0.0.1] INFO  StatsMonitor - Attempting to get the value for an expired monitor: eurekaServer.replication.batchSize.Will start computing stats again.
2023-05-16 17:42:20,970 [RMI TCP Connection(41)-127.0.0.1] INFO  DefaultEurekaServerContext - Shut down
2023-05-16 17:42:20,970 [RMI TCP Connection(41)-127.0.0.1] INFO  EurekaServerBootstrap - Eureka Service is now shutdown...
2023-05-16 17:42:20,971 [RMI TCP Connection(41)-127.0.0.1] INFO  DefaultEurekaServerContext - Shutting down ...
2023-05-16 17:42:20,984 [RMI TCP Connection(41)-127.0.0.1] INFO  DefaultEurekaServerContext - Shut down
2023-05-16 17:42:21,000 [RMI TCP Connection(41)-127.0.0.1] INFO  LocalContainerEntityManagerFactoryBean - Closing JPA EntityManagerFactory for persistence unit 'default'
2023-05-16 17:42:21,006 [RMI TCP Connection(41)-127.0.0.1] INFO  HikariDataSource - HikariPool-1 - Shutdown initiated...
2023-05-16 17:42:21,018 [RMI TCP Connection(41)-127.0.0.1] INFO  HikariDataSource - HikariPool-1 - Shutdown completed.
2023-05-16 17:42:21,019 [RMI TCP Connection(41)-127.0.0.1] INFO  DiscoveryClient - Shutting down DiscoveryClient ...
